<?xml version="1.0" encoding="UTF-8"?>
<testsuite name="com.app.server.service.lexmauriscontext.legal.CaseTypeTestCase" tests="7" skipped="0" failures="0" errors="0" timestamp="2016-03-31T13:00:49" hostname="89899f55dcd4" time="0.127">
  <properties/>
  <testcase name="test1Save" classname="com.app.server.service.lexmauriscontext.legal.CaseTypeTestCase" time="0.05"/>
  <testcase name="test2Update" classname="com.app.server.service.lexmauriscontext.legal.CaseTypeTestCase" time="0.016"/>
  <testcase name="test3FindById" classname="com.app.server.service.lexmauriscontext.legal.CaseTypeTestCase" time="0.006"/>
  <testcase name="test3findByforumId" classname="com.app.server.service.lexmauriscontext.legal.CaseTypeTestCase" time="0.007"/>
  <testcase name="test3findBylitCatId" classname="com.app.server.service.lexmauriscontext.legal.CaseTypeTestCase" time="0.008"/>
  <testcase name="test5NegativeTesting" classname="com.app.server.service.lexmauriscontext.legal.CaseTypeTestCase" time="0.011"/>
  <testcase name="test6Delete" classname="com.app.server.service.lexmauriscontext.legal.CaseTypeTestCase" time="0.027"/>
  <system-out><![CDATA[[EL Fine]: sql: 2016-03-31 13:00:49.884--ClientSession(900305277)--Connection(216377202)--Thread(Thread[Test worker,5,main])--INSERT INTO ast_LitigationCategory_M (litigationCatId, litigationCat, versionId, createdBy, createdDate, updatedBy, updatedDate, activeStatus, txnAccessCode) VALUES (?, ?, ?, ?, ?, ?, ?, ?, ?)
	bind => [F2ABAED8-4198-4874-8A8B-6BC397768FFF, IG4xmjrNa4mNT849H337FjrQIna5LOciTXgp1XaTGgnRvyHRDn, 1, AAAAA, 2016-03-31 13:00:49.881, null, 2016-03-31 13:00:49.881, 1, 51000]
[EL Fine]: sql: 2016-03-31 13:00:49.891--ClientSession(1266884331)--Connection(216377202)--Thread(Thread[Test worker,5,main])--INSERT INTO ast_Forum_M (forumId, forumDesc, litCategoryId, versionId, createdBy, createdDate, updatedBy, updatedDate, activeStatus, txnAccessCode) VALUES (?, ?, ?, ?, ?, ?, ?, ?, ?, ?)
	bind => [9F27175A-18CD-4A0C-86CD-49810C4CA987, zql0ue7T1nSuMf1JBX2vFonYvQznQAeP7M2FSk9oBmGQSeTej1, F2ABAED8-4198-4874-8A8B-6BC397768FFF, 1, AAAAA, 2016-03-31 13:00:49.881, null, 2016-03-31 13:00:49.881, 1, 51000]
Setting logged in user info for ADD
[EL Fine]: sql: 2016-03-31 13:00:49.901--ClientSession(1963104675)--Connection(216377202)--Thread(Thread[Test worker,5,main])--INSERT INTO ast_CaseType_M (caseTypeId, caseTypeDesc, forumId, litCatId, versionId, createdBy, createdDate, updatedBy, updatedDate, activeStatus, txnAccessCode) VALUES (?, ?, ?, ?, ?, ?, ?, ?, ?, ?, ?)
	bind => [614A5AB9-15C4-408A-8813-5AF0AF6D3F08, wWMHGyULn1gjMAocJIdV41jGHa9pZdhdpCuQZQPX0B0Jfo2u8K, 9F27175A-18CD-4A0C-86CD-49810C4CA987, F2ABAED8-4198-4874-8A8B-6BC397768FFF, 1, AAAAA, 2016-03-31 13:00:49.895, null, 2016-03-31 13:00:49.895, 1, 51000]
[EL Fine]: sql: 2016-03-31 13:00:49.917--ClientSession(1085348754)--Connection(216377202)--Thread(Thread[Test worker,5,main])--SELECT caseTypeId, caseTypeDesc, forumId, litCatId, versionId, createdBy, createdDate, updatedBy, updatedDate, activeStatus, txnAccessCode FROM ast_CaseType_M WHERE ((activeStatus = ?) AND (caseTypeId = ?))
	bind => [1, 614A5AB9-15C4-408A-8813-5AF0AF6D3F08]
Setting logged in user info for UPDATE
[EL Fine]: sql: 2016-03-31 13:00:49.923--ClientSession(1744462914)--Connection(216377202)--Thread(Thread[Test worker,5,main])--SELECT caseTypeId, caseTypeDesc, forumId, litCatId, versionId, createdBy, createdDate, updatedBy, updatedDate, activeStatus, txnAccessCode FROM ast_CaseType_M WHERE (caseTypeId = ?)
	bind => [614A5AB9-15C4-408A-8813-5AF0AF6D3F08]
[EL Fine]: sql: 2016-03-31 13:00:49.925--ClientSession(1744462914)--Connection(216377202)--Thread(Thread[Test worker,5,main])--UPDATE ast_CaseType_M SET caseTypeDesc = ?, updatedBy = ?, versionId = ? WHERE ((caseTypeId = ?) AND (versionId = ?))
	bind => [rfM57evmmOqM7JNuFA3EJVbR52TYtt2Dlsq7pTChYNrHAnW94V, AAAAA, 2, 614A5AB9-15C4-408A-8813-5AF0AF6D3F08, 1]
[EL Fine]: sql: 2016-03-31 13:00:49.933--ClientSession(752505906)--Connection(216377202)--Thread(Thread[Test worker,5,main])--SELECT caseTypeId, caseTypeDesc, forumId, litCatId, versionId, createdBy, createdDate, updatedBy, updatedDate, activeStatus, txnAccessCode FROM ast_CaseType_M WHERE ((activeStatus = ?) AND (caseTypeId = ?))
	bind => [1, 614A5AB9-15C4-408A-8813-5AF0AF6D3F08]
[EL Fine]: sql: 2016-03-31 13:00:49.939--ClientSession(1222683806)--Connection(216377202)--Thread(Thread[Test worker,5,main])--SELECT caseTypeId, caseTypeDesc, forumId, litCatId, versionId, createdBy, createdDate, updatedBy, updatedDate, activeStatus, txnAccessCode FROM ast_CaseType_M WHERE ((activeStatus = ?) AND (forumId = ?))
	bind => [1, 9F27175A-18CD-4A0C-86CD-49810C4CA987]
[EL Fine]: sql: 2016-03-31 13:00:49.949--ClientSession(1730602383)--Connection(216377202)--Thread(Thread[Test worker,5,main])--SELECT caseTypeId, caseTypeDesc, forumId, litCatId, versionId, createdBy, createdDate, updatedBy, updatedDate, activeStatus, txnAccessCode FROM ast_CaseType_M WHERE ((activeStatus = ?) AND (litCatId = ?))
	bind => [1, F2ABAED8-4198-4874-8A8B-6BC397768FFF]
[EL Fine]: sql: 2016-03-31 13:00:49.967--ClientSession(278821741)--Connection(216377202)--Thread(Thread[Test worker,5,main])--SELECT caseTypeId, caseTypeDesc, forumId, litCatId, versionId, createdBy, createdDate, updatedBy, updatedDate, activeStatus, txnAccessCode FROM ast_CaseType_M WHERE (caseTypeId = ?)
	bind => [614A5AB9-15C4-408A-8813-5AF0AF6D3F08]
[EL Fine]: sql: 2016-03-31 13:00:49.969--ClientSession(278821741)--Connection(216377202)--Thread(Thread[Test worker,5,main])--DELETE FROM ast_CaseType_M WHERE ((caseTypeId = ?) AND (versionId = ?))
	bind => [614A5AB9-15C4-408A-8813-5AF0AF6D3F08, 2]
[EL Fine]: sql: 2016-03-31 13:00:49.976--ClientSession(580094947)--Connection(216377202)--Thread(Thread[Test worker,5,main])--SELECT forumId, forumDesc, litCategoryId, versionId, createdBy, createdDate, updatedBy, updatedDate, activeStatus, txnAccessCode FROM ast_Forum_M WHERE (forumId = ?)
	bind => [9F27175A-18CD-4A0C-86CD-49810C4CA987]
[EL Fine]: sql: 2016-03-31 13:00:49.978--ClientSession(580094947)--Connection(216377202)--Thread(Thread[Test worker,5,main])--DELETE FROM ast_Forum_M WHERE ((forumId = ?) AND (versionId = ?))
	bind => [9F27175A-18CD-4A0C-86CD-49810C4CA987, 1]
[EL Fine]: sql: 2016-03-31 13:00:49.984--ClientSession(746652561)--Connection(216377202)--Thread(Thread[Test worker,5,main])--SELECT litigationCatId, litigationCat, versionId, createdBy, createdDate, updatedBy, updatedDate, activeStatus, txnAccessCode FROM ast_LitigationCategory_M WHERE (litigationCatId = ?)
	bind => [F2ABAED8-4198-4874-8A8B-6BC397768FFF]
[EL Fine]: sql: 2016-03-31 13:00:49.986--ClientSession(746652561)--Connection(216377202)--Thread(Thread[Test worker,5,main])--DELETE FROM ast_LitigationCategory_M WHERE ((litigationCatId = ?) AND (versionId = ?))
	bind => [F2ABAED8-4198-4874-8A8B-6BC397768FFF, 1]
]]></system-out>
  <system-err><![CDATA[com.app.shared.lexmauriscontext.legal.CaseType.caseTypeDesc may not be null
com.athena.framework.server.exception.biz.SpartanConstraintViolationException: Exception in validating entity /com.app.shared.lexmauriscontext.legal.CaseType.caseTypeDesc may not be null

	at com.athena.framework.server.helper.EntityValidatorHelper.validateEntity(EntityValidatorHelper.java:28)
	at com.app.shared.lexmauriscontext.legal.CaseType.isValid(CaseType.java:162)
	at com.app.server.service.lexmauriscontext.legal.CaseTypeTestCase.validateCaseType(CaseTypeTestCase.java:228)
	at com.app.server.service.lexmauriscontext.legal.CaseTypeTestCase.test5NegativeTesting(CaseTypeTestCase.java:259)
	at sun.reflect.NativeMethodAccessorImpl.invoke0(Native Method)
	at sun.reflect.NativeMethodAccessorImpl.invoke(NativeMethodAccessorImpl.java:57)
	at sun.reflect.DelegatingMethodAccessorImpl.invoke(DelegatingMethodAccessorImpl.java:43)
	at java.lang.reflect.Method.invoke(Method.java:606)
	at org.junit.runners.model.FrameworkMethod$1.runReflectiveCall(FrameworkMethod.java:47)
	at org.junit.internal.runners.model.ReflectiveCallable.run(ReflectiveCallable.java:12)
	at org.junit.runners.model.FrameworkMethod.invokeExplosively(FrameworkMethod.java:44)
	at org.junit.internal.runners.statements.InvokeMethod.evaluate(InvokeMethod.java:17)
	at org.junit.internal.runners.statements.RunBefores.evaluate(RunBefores.java:26)
	at org.springframework.test.context.junit4.statements.RunBeforeTestMethodCallbacks.evaluate(RunBeforeTestMethodCallbacks.java:74)
	at org.junit.internal.runners.statements.RunAfters.evaluate(RunAfters.java:27)
	at org.springframework.test.context.junit4.statements.RunAfterTestMethodCallbacks.evaluate(RunAfterTestMethodCallbacks.java:83)
	at org.springframework.test.context.junit4.statements.SpringRepeat.evaluate(SpringRepeat.java:72)
	at org.springframework.test.context.junit4.SpringJUnit4ClassRunner.runChild(SpringJUnit4ClassRunner.java:233)
	at org.springframework.test.context.junit4.SpringJUnit4ClassRunner.runChild(SpringJUnit4ClassRunner.java:87)
	at org.junit.runners.ParentRunner$3.run(ParentRunner.java:238)
	at org.junit.runners.ParentRunner$1.schedule(ParentRunner.java:63)
	at org.junit.runners.ParentRunner.runChildren(ParentRunner.java:236)
	at org.junit.runners.ParentRunner.access$000(ParentRunner.java:53)
	at org.junit.runners.ParentRunner$2.evaluate(ParentRunner.java:229)
	at org.springframework.test.context.junit4.statements.RunBeforeTestClassCallbacks.evaluate(RunBeforeTestClassCallbacks.java:61)
	at org.springframework.test.context.junit4.statements.RunAfterTestClassCallbacks.evaluate(RunAfterTestClassCallbacks.java:71)
	at org.junit.runners.ParentRunner.run(ParentRunner.java:309)
	at org.springframework.test.context.junit4.SpringJUnit4ClassRunner.run(SpringJUnit4ClassRunner.java:176)
	at org.gradle.api.internal.tasks.testing.junit.JUnitTestClassExecuter.runTestClass(JUnitTestClassExecuter.java:86)
	at org.gradle.api.internal.tasks.testing.junit.JUnitTestClassExecuter.execute(JUnitTestClassExecuter.java:49)
	at org.gradle.api.internal.tasks.testing.junit.JUnitTestClassProcessor.processTestClass(JUnitTestClassProcessor.java:64)
	at org.gradle.api.internal.tasks.testing.SuiteTestClassProcessor.processTestClass(SuiteTestClassProcessor.java:50)
	at sun.reflect.NativeMethodAccessorImpl.invoke0(Native Method)
	at sun.reflect.NativeMethodAccessorImpl.invoke(NativeMethodAccessorImpl.java:57)
	at sun.reflect.DelegatingMethodAccessorImpl.invoke(DelegatingMethodAccessorImpl.java:43)
	at java.lang.reflect.Method.invoke(Method.java:606)
	at org.gradle.messaging.dispatch.ReflectionDispatch.dispatch(ReflectionDispatch.java:35)
	at org.gradle.messaging.dispatch.ReflectionDispatch.dispatch(ReflectionDispatch.java:24)
	at org.gradle.messaging.dispatch.ContextClassLoaderDispatch.dispatch(ContextClassLoaderDispatch.java:32)
	at org.gradle.messaging.dispatch.ProxyDispatchAdapter$DispatchingInvocationHandler.invoke(ProxyDispatchAdapter.java:93)
	at com.sun.proxy.$Proxy2.processTestClass(Unknown Source)
	at org.gradle.api.internal.tasks.testing.worker.TestWorker.processTestClass(TestWorker.java:106)
	at sun.reflect.NativeMethodAccessorImpl.invoke0(Native Method)
	at sun.reflect.NativeMethodAccessorImpl.invoke(NativeMethodAccessorImpl.java:57)
	at sun.reflect.DelegatingMethodAccessorImpl.invoke(DelegatingMethodAccessorImpl.java:43)
	at java.lang.reflect.Method.invoke(Method.java:606)
	at org.gradle.messaging.dispatch.ReflectionDispatch.dispatch(ReflectionDispatch.java:35)
	at org.gradle.messaging.dispatch.ReflectionDispatch.dispatch(ReflectionDispatch.java:24)
	at org.gradle.messaging.remote.internal.hub.MessageHub$Handler.run(MessageHub.java:360)
	at org.gradle.internal.concurrent.DefaultExecutorFactory$StoppableExecutorImpl$1.run(DefaultExecutorFactory.java:64)
	at java.util.concurrent.ThreadPoolExecutor.runWorker(ThreadPoolExecutor.java:1145)
	at java.util.concurrent.ThreadPoolExecutor$Worker.run(ThreadPoolExecutor.java:615)
	at java.lang.Thread.run(Thread.java:745)
com.app.shared.lexmauriscontext.legal.CaseType.caseTypeDesc size must be between 1 and 256
com.athena.framework.server.exception.biz.SpartanConstraintViolationException: Exception in validating entity /com.app.shared.lexmauriscontext.legal.CaseType.caseTypeDesc size must be between 1 and 256

	at com.athena.framework.server.helper.EntityValidatorHelper.validateEntity(EntityValidatorHelper.java:28)
	at com.app.shared.lexmauriscontext.legal.CaseType.isValid(CaseType.java:162)
	at com.app.server.service.lexmauriscontext.legal.CaseTypeTestCase.validateCaseType(CaseTypeTestCase.java:226)
	at com.app.server.service.lexmauriscontext.legal.CaseTypeTestCase.test5NegativeTesting(CaseTypeTestCase.java:264)
	at sun.reflect.NativeMethodAccessorImpl.invoke0(Native Method)
	at sun.reflect.NativeMethodAccessorImpl.invoke(NativeMethodAccessorImpl.java:57)
	at sun.reflect.DelegatingMethodAccessorImpl.invoke(DelegatingMethodAccessorImpl.java:43)
	at java.lang.reflect.Method.invoke(Method.java:606)
	at org.junit.runners.model.FrameworkMethod$1.runReflectiveCall(FrameworkMethod.java:47)
	at org.junit.internal.runners.model.ReflectiveCallable.run(ReflectiveCallable.java:12)
	at org.junit.runners.model.FrameworkMethod.invokeExplosively(FrameworkMethod.java:44)
	at org.junit.internal.runners.statements.InvokeMethod.evaluate(InvokeMethod.java:17)
	at org.junit.internal.runners.statements.RunBefores.evaluate(RunBefores.java:26)
	at org.springframework.test.context.junit4.statements.RunBeforeTestMethodCallbacks.evaluate(RunBeforeTestMethodCallbacks.java:74)
	at org.junit.internal.runners.statements.RunAfters.evaluate(RunAfters.java:27)
	at org.springframework.test.context.junit4.statements.RunAfterTestMethodCallbacks.evaluate(RunAfterTestMethodCallbacks.java:83)
	at org.springframework.test.context.junit4.statements.SpringRepeat.evaluate(SpringRepeat.java:72)
	at org.springframework.test.context.junit4.SpringJUnit4ClassRunner.runChild(SpringJUnit4ClassRunner.java:233)
	at org.springframework.test.context.junit4.SpringJUnit4ClassRunner.runChild(SpringJUnit4ClassRunner.java:87)
	at org.junit.runners.ParentRunner$3.run(ParentRunner.java:238)
	at org.junit.runners.ParentRunner$1.schedule(ParentRunner.java:63)
	at org.junit.runners.ParentRunner.runChildren(ParentRunner.java:236)
	at org.junit.runners.ParentRunner.access$000(ParentRunner.java:53)
	at org.junit.runners.ParentRunner$2.evaluate(ParentRunner.java:229)
	at org.springframework.test.context.junit4.statements.RunBeforeTestClassCallbacks.evaluate(RunBeforeTestClassCallbacks.java:61)
	at org.springframework.test.context.junit4.statements.RunAfterTestClassCallbacks.evaluate(RunAfterTestClassCallbacks.java:71)
	at org.junit.runners.ParentRunner.run(ParentRunner.java:309)
	at org.springframework.test.context.junit4.SpringJUnit4ClassRunner.run(SpringJUnit4ClassRunner.java:176)
	at org.gradle.api.internal.tasks.testing.junit.JUnitTestClassExecuter.runTestClass(JUnitTestClassExecuter.java:86)
	at org.gradle.api.internal.tasks.testing.junit.JUnitTestClassExecuter.execute(JUnitTestClassExecuter.java:49)
	at org.gradle.api.internal.tasks.testing.junit.JUnitTestClassProcessor.processTestClass(JUnitTestClassProcessor.java:64)
	at org.gradle.api.internal.tasks.testing.SuiteTestClassProcessor.processTestClass(SuiteTestClassProcessor.java:50)
	at sun.reflect.NativeMethodAccessorImpl.invoke0(Native Method)
	at sun.reflect.NativeMethodAccessorImpl.invoke(NativeMethodAccessorImpl.java:57)
	at sun.reflect.DelegatingMethodAccessorImpl.invoke(DelegatingMethodAccessorImpl.java:43)
	at java.lang.reflect.Method.invoke(Method.java:606)
	at org.gradle.messaging.dispatch.ReflectionDispatch.dispatch(ReflectionDispatch.java:35)
	at org.gradle.messaging.dispatch.ReflectionDispatch.dispatch(ReflectionDispatch.java:24)
	at org.gradle.messaging.dispatch.ContextClassLoaderDispatch.dispatch(ContextClassLoaderDispatch.java:32)
	at org.gradle.messaging.dispatch.ProxyDispatchAdapter$DispatchingInvocationHandler.invoke(ProxyDispatchAdapter.java:93)
	at com.sun.proxy.$Proxy2.processTestClass(Unknown Source)
	at org.gradle.api.internal.tasks.testing.worker.TestWorker.processTestClass(TestWorker.java:106)
	at sun.reflect.NativeMethodAccessorImpl.invoke0(Native Method)
	at sun.reflect.NativeMethodAccessorImpl.invoke(NativeMethodAccessorImpl.java:57)
	at sun.reflect.DelegatingMethodAccessorImpl.invoke(DelegatingMethodAccessorImpl.java:43)
	at java.lang.reflect.Method.invoke(Method.java:606)
	at org.gradle.messaging.dispatch.ReflectionDispatch.dispatch(ReflectionDispatch.java:35)
	at org.gradle.messaging.dispatch.ReflectionDispatch.dispatch(ReflectionDispatch.java:24)
	at org.gradle.messaging.remote.internal.hub.MessageHub$Handler.run(MessageHub.java:360)
	at org.gradle.internal.concurrent.DefaultExecutorFactory$StoppableExecutorImpl$1.run(DefaultExecutorFactory.java:64)
	at java.util.concurrent.ThreadPoolExecutor.runWorker(ThreadPoolExecutor.java:1145)
	at java.util.concurrent.ThreadPoolExecutor$Worker.run(ThreadPoolExecutor.java:615)
	at java.lang.Thread.run(Thread.java:745)
]]></system-err>
</testsuite>
