<?xml version="1.0" encoding="UTF-8"?>
<testsuite name="com.app.server.service.lexmauriscontext.legal.JudgeRegistrationTestCase" tests="7" skipped="0" failures="0" errors="0" timestamp="2016-03-31T13:00:50" hostname="89899f55dcd4" time="0.333">
  <properties/>
  <testcase name="test1Save" classname="com.app.server.service.lexmauriscontext.legal.JudgeRegistrationTestCase" time="0.18"/>
  <testcase name="test2Update" classname="com.app.server.service.lexmauriscontext.legal.JudgeRegistrationTestCase" time="0.017"/>
  <testcase name="test3FindById" classname="com.app.server.service.lexmauriscontext.legal.JudgeRegistrationTestCase" time="0.005"/>
  <testcase name="test3findByforumId" classname="com.app.server.service.lexmauriscontext.legal.JudgeRegistrationTestCase" time="0.006"/>
  <testcase name="test3findByjContactId" classname="com.app.server.service.lexmauriscontext.legal.JudgeRegistrationTestCase" time="0.006"/>
  <testcase name="test5NegativeTesting" classname="com.app.server.service.lexmauriscontext.legal.JudgeRegistrationTestCase" time="0.016"/>
  <testcase name="test6Delete" classname="com.app.server.service.lexmauriscontext.legal.JudgeRegistrationTestCase" time="0.098"/>
  <system-out><![CDATA[[EL Fine]: sql: 2016-03-31 13:00:50.214--ClientSession(1324062172)--Connection(216377202)--Thread(Thread[Test worker,5,main])--INSERT INTO ast_Language_M (languageId, alpha2, alpha3, alpha4, alpha4parentid, language, languageDescription, languageIcon, languageType, versionId, createdBy, createdDate, updatedBy, updatedDate, activeStatus, txnAccessCode) VALUES (?, ?, ?, ?, ?, ?, ?, ?, ?, ?, ?, ?, ?, ?, ?, ?)
	bind => [62A2D513-553A-44DD-8C56-DAA7335A3803, I4, 0du, IXnC, 10, 20BHv3haFMZjN65eyoi91XZa3SqaqF9ZmvOOddrCdMJVU4sqpI, g8br0jKlaI87Lq5ZgWh262HoXf1nW6eopmUhHwbZey4yHST5nX, KOboyLBJudTkKQbMQeMRjHA1nDA4Y8u82qfWTtfVnKOcte1Lqc, urxJb3aonBO910rkejTwZECouRnc9CRU, 1, AAAAA, 2016-03-31 13:00:50.206, null, 2016-03-31 13:00:50.206, 1, 51000]
[EL Fine]: sql: 2016-03-31 13:00:50.222--ClientSession(1476901009)--Connection(216377202)--Thread(Thread[Test worker,5,main])--INSERT INTO ast_Gender_M (genderId, gender, versionId, createdBy, createdDate, updatedBy, updatedDate, activeStatus, txnAccessCode) VALUES (?, ?, ?, ?, ?, ?, ?, ?, ?)
	bind => [F5BB6C98-19A9-476E-97C6-86FDBACCAB9C, iJ0AK6TM7IVigynws2RPI2HqpMfkKhPlvxWwEGu6Dxdbl8dRv6, 1, AAAAA, 2016-03-31 13:00:50.218, null, 2016-03-31 13:00:50.218, 1, 51000]
[EL Fine]: sql: 2016-03-31 13:00:50.232--ClientSession(425995525)--Connection(216377202)--Thread(Thread[Test worker,5,main])--INSERT INTO ast_Title_M (titleId, titles, versionId, createdBy, createdDate, updatedBy, updatedDate, activeStatus, txnAccessCode) VALUES (?, ?, ?, ?, ?, ?, ?, ?, ?)
	bind => [BAF9B346-3EFC-46FE-89F0-B4372626653A, HCqOxwCt3gYQjHpEUXzt8t0Tp1LOeU0c5XFpPJmLfGjx6sCsuC, 1, AAAAA, 2016-03-31 13:00:50.229, null, 2016-03-31 13:00:50.229, 1, 51000]
[EL Fine]: sql: 2016-03-31 13:00:50.241--ClientSession(937479903)--Connection(216377202)--Thread(Thread[Test worker,5,main])--INSERT INTO ast_Timezone_M (timeZoneId, cities, country, gmtLabel, timeZoneLabel, utcdifference, versionId, createdBy, createdDate, updatedBy, updatedDate, activeStatus, txnAccessCode) VALUES (?, ?, ?, ?, ?, ?, ?, ?, ?, ?, ?, ?, ?)
	bind => [2287CEBC-D2F4-40A0-AE73-32705F33B28B, J8BoK4v3hRjkNfTgt2rgjfov4VCSXosgTyZA71PX1Y5RGTwLOy, pmQsD5js8ABoRC1MegPL4pPipegfwu5LXeQevGqJxKzEWmvw62, BAutN98W5nx34i2BNWHrhg1hWFi70fH4NDBVBnzRhl7JWrg4pM, RnNbIaCE1CrPyXbDf3ZbrjdNPJSOplegXLZ0iX5IQUfjZA80Fd, 3, 1, AAAAA, 2016-03-31 13:00:50.235, null, 2016-03-31 13:00:50.235, 1, 51000]
[EL Fine]: sql: 2016-03-31 13:00:50.248--ClientSession(1769075200)--Connection(216377202)--Thread(Thread[Test worker,5,main])--INSERT INTO ast_CommunicationGroup_M (commGroupId, commGroupDescription, commGroupName, versionId, createdBy, createdDate, updatedBy, updatedDate, activeStatus, txnAccessCode) VALUES (?, ?, ?, ?, ?, ?, ?, ?, ?, ?)
	bind => [C931241B-A9AE-43B9-AB03-88BDB6F52955, 88clqK501gmTdOEaH7nET6SIq4jqxwY45L1klGkA25vcNUgQcR, Labh0MMrG4l1XrI2b8BU0x2I0SB97TDaFQLeEWM1ct40ZAfqwg, 1, AAAAA, 2016-03-31 13:00:50.244, null, 2016-03-31 13:00:50.244, 1, 51000]
[EL Fine]: sql: 2016-03-31 13:00:50.255--ClientSession(642937566)--Connection(216377202)--Thread(Thread[Test worker,5,main])--INSERT INTO ast_CommunicationType_M (commType, commGroupId, commTypeDescription, commTypeName, versionId, createdBy, createdDate, updatedBy, updatedDate, activeStatus, txnAccessCode) VALUES (?, ?, ?, ?, ?, ?, ?, ?, ?, ?, ?)
	bind => [5E5D4A35-C4E2-4AC7-9384-5E0B3930CF60, C931241B-A9AE-43B9-AB03-88BDB6F52955, gKwkNVX8rqH1rsjs3lIlbfutifaswfBSRLmlHbVQOp5GbiPSoV, H0OU2856eRFnbBlvt0mufHzBwnIqml8oHGu6lkEjJNBdWIA8SJ, 1, AAAAA, 2016-03-31 13:00:50.244, null, 2016-03-31 13:00:50.244, 1, 51000]
[EL Fine]: sql: 2016-03-31 13:00:50.268--ClientSession(510838837)--Connection(216377202)--Thread(Thread[Test worker,5,main])--INSERT INTO ast_Country_M (countryId, capital, capitalLatitude, capitalLongitude, countryCode1, countryCode2, countryFlag, countryName, currencyCode, currencyName, currencySymbol, isoNumeric, versionId, createdBy, createdDate, updatedBy, updatedDate, activeStatus, txnAccessCode) VALUES (?, ?, ?, ?, ?, ?, ?, ?, ?, ?, ?, ?, ?, ?, ?, ?, ?, ?, ?)
	bind => [C43C0E4A-AAD4-4095-ABFB-49230774280C, yYlXHmmA2niQWhhYx1m2EqddRxN731Yq, 9, 7, B4E, 3r5, cP6EJNMRuUtyTIKcqU8xAuy6dpKjdSY7oty1GCNh9bZh4Dx9Bq, AYKejtCUKlrtFs6ZV6PjrIf86faAN0sogjqxtMuaLCpv6MYmWu, tDr, b5sQTPt4uPuqPzbA6nSfckhHwDYrBqeQiWL6196WD3PQvJkI6t, 7wSVOEo7h5slZOuUMqFUcXdMJ99X7cyv, 5, 1, AAAAA, 2016-03-31 13:00:50.259, null, 2016-03-31 13:00:50.259, 1, 51000]
[EL Fine]: sql: 2016-03-31 13:00:50.279--ClientSession(552218912)--Connection(216377202)--Thread(Thread[Test worker,5,main])--INSERT INTO ast_State_M (stateId, countryId, stateCapital, stateCapitalLatitude, stateCapitalLongitude, stateCode, stateCodeChar2, stateCodeChar3, stateDescription, stateFlag, stateName, versionId, createdBy, createdDate, updatedBy, updatedDate, activeStatus, txnAccessCode) VALUES (?, ?, ?, ?, ?, ?, ?, ?, ?, ?, ?, ?, ?, ?, ?, ?, ?, ?)
	bind => [F5FA0B7F-28C2-4F4F-9D6F-C150D3AEA6F8, C43C0E4A-AAD4-4095-ABFB-49230774280C, JtATrT7WyYleReCH8Z5x03eWEDeYGAPsCwCcyqCkr9R5ehrEL9, 9, 3, 1, xM5kP7HZoSfHvzb0jp5Qcx7tG3yrvdmv, JDOKwn8aBuOwntv1klaZUiLmKr9LRleB, I0HygJMPlslaHCskZAyXU5ag90zYC3IakFPNEGzIjVkPIAZz04, XP5Z176hGeQdHq3KiGcmbamQ3IzHBiraOmyV6WkmLEcO0vjsDp, TmIRDvMqFeHti7eh1yM5OAoDEeNKiWjTIEAf2f3g52rKPSzb5k, 1, AAAAA, 2016-03-31 13:00:50.259, null, 2016-03-31 13:00:50.259, 1, 51000]
[EL Fine]: sql: 2016-03-31 13:00:50.288--ClientSession(1267766786)--Connection(216377202)--Thread(Thread[Test worker,5,main])--INSERT INTO ast_AddressType_M (addressTypeId, addressType, addressTypeDesc, addressTypeIcon, versionId, createdBy, createdDate, updatedBy, updatedDate, activeStatus, txnAccessCode) VALUES (?, ?, ?, ?, ?, ?, ?, ?, ?, ?, ?)
	bind => [79ED64DE-BF66-4322-8D04-BF5A9E1B87DA, t1md3CMpij7QhPKk09QMdHQIwBdlaGVIjGGJ0917isgXEQH1Bv, PUfhdnQ3V86JDIils7xD6QLckjTEZqr6cS7lly2k9dokWEt8qa, gYn7C71du4zcC9KSTNaFKO0CVtng87q9JxSBGIcnG0fYA3bmaC, 1, AAAAA, 2016-03-31 13:00:50.283, null, 2016-03-31 13:00:50.283, 1, 51000]
[EL Fine]: sql: 2016-03-31 13:00:50.298--ClientSession(562143636)--Connection(216377202)--Thread(Thread[Test worker,5,main])--INSERT INTO ast_City_M (cityId, cityCode, cityCodeChar2, cityDescription, cityFlag, cityLatitude, cityLongitude, cityName, countryId, stateId, versionId, createdBy, createdDate, updatedBy, updatedDate, activeStatus, txnAccessCode) VALUES (?, ?, ?, ?, ?, ?, ?, ?, ?, ?, ?, ?, ?, ?, ?, ?, ?)
	bind => [1729ABE9-9881-4BCB-9B4D-3CEC6FD0A99B, 1, B6ZnFcsTWPsTbYuEy1SYzIkW5I7YZnbS, LDW5VYNYb79ba12Itd0moe1CTE8UjENDso4doRwpvyLmBsz0A9, PCB3C1OM5BG8I2pSeRVU6earTIFJZLwo6MRflq8xqoYI1V5r9M, 8, 11, X8dCU0pJwvpVhjtMqeDdMX3qAmoDgsHROa9QtQIj1I3vXWFpTG, C43C0E4A-AAD4-4095-ABFB-49230774280C, F5FA0B7F-28C2-4F4F-9D6F-C150D3AEA6F8, 1, AAAAA, 2016-03-31 13:00:50.292, null, 2016-03-31 13:00:50.292, 1, 51000]
[EL Fine]: sql: 2016-03-31 13:00:50.32--ClientSession(1502513653)--Connection(216377202)--Thread(Thread[Test worker,5,main])--SELECT timeZoneId FROM ast_Timezone_M WHERE (timeZoneId = ?)
	bind => [2287CEBC-D2F4-40A0-AE73-32705F33B28B]
[EL Fine]: sql: 2016-03-31 13:00:50.321--ClientSession(1502513653)--Connection(216377202)--Thread(Thread[Test worker,5,main])--INSERT INTO ast_CoreContacts_T (contactId, age, approximateDOB, dateofbirth, emailId, firstName, genderId, lastName, middleName, nativeFirstName, nativeLanguageCode, nativeLastName, nativeMiddleName, nativeTitle, phoneNumber, titleId, versionId, createdBy, createdDate, updatedBy, updatedDate, activeStatus, txnAccessCode, timeZoneId) VALUES (?, ?, ?, ?, ?, ?, ?, ?, ?, ?, ?, ?, ?, ?, ?, ?, ?, ?, ?, ?, ?, ?, ?, ?)
	bind => [D3434A09-8310-4E0B-9A54-FE70F452FE3F, 62, 2016-03-31 08:54:36.965, 2016-03-31 08:54:36.877, A9ng4EQiLsihFFza5TOftZHyZn9b5nw9ELnn3ojHC6yKrDQLjQ, 3CY0uyz9bm6UjZFNAbby44mswYWokWlnOB322zZIfmH8XXXXhu, F5BB6C98-19A9-476E-97C6-86FDBACCAB9C, rJi6GrZAktKzihVVszqS83ZONPmm2ETwaXha5Mkjp40YjoS1V9, TcI0LeVrsKakUrrU2Pq674G11vEToqPuQakdovISk8Jg0yp54I, HZO31zBye2iBd1l6cW3mepNQSoGgMpeSdzywSkFm1PgRw2KUzJ, 62A2D513-553A-44DD-8C56-DAA7335A3803, fxUzSoGqups2EPFZ0tElFE4WuTdf6rd1sV7LQQozpi0o4vbeN2, VdZ0dH82wvBLzKE0UcCh6eb4f23OHRONYLTuyOfsqR6uVw5AZQ, zDU9jUe2vckKIXhjXYEw6iNaPsQARVztjXtUYfSEhVcZIhN4O6, 7l8Yxaa0kETVkWoK1cOJ, BAF9B346-3EFC-46FE-89F0-B4372626653A, 1, AAAAA, 2016-03-31 13:00:50.206, null, 2016-03-31 13:00:50.206, 1, 51000, 2287CEBC-D2F4-40A0-AE73-32705F33B28B]
[EL Fine]: sql: 2016-03-31 13:00:50.323--ClientSession(1502513653)--Connection(216377202)--Thread(Thread[Test worker,5,main])--INSERT INTO ast_CommunicationData_TP (commDataId, commData, commGroupId, commType, versionId, createdBy, createdDate, updatedBy, updatedDate, activeStatus, txnAccessCode) VALUES (?, ?, ?, ?, ?, ?, ?, ?, ?, ?, ?)
	bind => [28D9CC11-7426-46F4-9716-F9518BE907C6, , C931241B-A9AE-43B9-AB03-88BDB6F52955, 5E5D4A35-C4E2-4AC7-9384-5E0B3930CF60, 1, AAAAA, 2016-03-31 13:00:50.244, null, 2016-03-31 13:00:50.244, 1, 51000]
[EL Fine]: sql: 2016-03-31 13:00:50.324--ClientSession(1502513653)--Connection(216377202)--Thread(Thread[Test worker,5,main])--INSERT INTO ast_Address_T (addressId, address1, address2, address3, addressLabel, addressTypeId, cityId, countryId, latitude, longitude, stateId, versionId, zipcode, createdBy, createdDate, updatedBy, updatedDate, activeStatus, txnAccessCode) VALUES (?, ?, ?, ?, ?, ?, ?, ?, ?, ?, ?, ?, ?, ?, ?, ?, ?, ?, ?)
	bind => [908EAAAC-3440-4820-BFB5-8ABEDC99E9F8, F4JpSuYCcwCdDJMwXBZDz55a8dAiLvKk4dv6yVvGIbm9nQUmYl, 9i9uMsSywl3t3odcLban99TzJdGpwFaxHlyYZSA3tjc49y9Fe2, y20KLI2KJZa8c6Aue1HqrBbi5eFVAOcm3xKBjSKvDUaUsqCX3b, QBZD6OUMHcf, 79ED64DE-BF66-4322-8D04-BF5A9E1B87DA, 1729ABE9-9881-4BCB-9B4D-3CEC6FD0A99B, C43C0E4A-AAD4-4095-ABFB-49230774280C, bMq2LdjJZBYTqiVWxwTWVSIcKldxpKvQmzlseKtMGv37WgHW7j, JATw0wPxjsOLwB4dVqFz1odlVTFKQGmfOddY5QMosJ9h1WYF9k, F5FA0B7F-28C2-4F4F-9D6F-C150D3AEA6F8, 1, sEAScy, AAAAA, 2016-03-31 13:00:50.259, null, 2016-03-31 13:00:50.259, 1, 51000]
[EL Fine]: sql: 2016-03-31 13:00:50.326--ClientSession(1502513653)--Connection(216377202)--Thread(Thread[Test worker,5,main])--INSERT INTO ast_AddressMap_B (addressId, contactId) VALUES (?, ?)
	bind => [908EAAAC-3440-4820-BFB5-8ABEDC99E9F8, D3434A09-8310-4E0B-9A54-FE70F452FE3F]
[EL Fine]: sql: 2016-03-31 13:00:50.326--ClientSession(1502513653)--Connection(216377202)--Thread(Thread[Test worker,5,main])--INSERT INTO ast_CommunicationMap_B (commDataId, contactId) VALUES (?, ?)
	bind => [28D9CC11-7426-46F4-9716-F9518BE907C6, D3434A09-8310-4E0B-9A54-FE70F452FE3F]
[EL Fine]: sql: 2016-03-31 13:00:50.338--ClientSession(1091364428)--Connection(216377202)--Thread(Thread[Test worker,5,main])--INSERT INTO ast_LitigationCategory_M (litigationCatId, litigationCat, versionId, createdBy, createdDate, updatedBy, updatedDate, activeStatus, txnAccessCode) VALUES (?, ?, ?, ?, ?, ?, ?, ?, ?)
	bind => [42CFB533-2453-46AD-B9B2-9A13A8016424, mHrEk3nJpAo3lIi6FeE3twrzp88UNMjSOClPPHiT8rjXBQBv2h, 1, AAAAA, 2016-03-31 13:00:50.335, null, 2016-03-31 13:00:50.335, 1, 51000]
[EL Fine]: sql: 2016-03-31 13:00:50.344--ClientSession(1576521133)--Connection(216377202)--Thread(Thread[Test worker,5,main])--INSERT INTO ast_Forum_M (forumId, forumDesc, litCategoryId, versionId, createdBy, createdDate, updatedBy, updatedDate, activeStatus, txnAccessCode) VALUES (?, ?, ?, ?, ?, ?, ?, ?, ?, ?)
	bind => [7AAE6368-6534-4BBF-8887-466651381BBF, 74qZT6w6lxdGKMBC0B8iwqhoAJlepfhbd2ARolSyd2yDqudgNL, 42CFB533-2453-46AD-B9B2-9A13A8016424, 1, AAAAA, 2016-03-31 13:00:50.335, null, 2016-03-31 13:00:50.335, 1, 51000]
Setting logged in user info for ADD
[EL Fine]: sql: 2016-03-31 13:00:50.352--ClientSession(840356056)--Connection(216377202)--Thread(Thread[Test worker,5,main])--INSERT INTO ast_JudgeRegistration_T (judgeRegId, appointmentDate, barId, caseCount, dateOfRetirement, fEndDate, fStartDate, forumId, jContactId, versionId, createdBy, createdDate, updatedBy, updatedDate, activeStatus, txnAccessCode) VALUES (?, ?, ?, ?, ?, ?, ?, ?, ?, ?, ?, ?, ?, ?, ?, ?)
	bind => [1959AC45-8C22-4223-9BAA-25F174A9FB51, 2016-03-31 08:54:37.823, N0k6cE2Yjoy3tqWF2KAao7jGHk5MUWagsVsCgiGQTk91RTjMX7, 2147483647, 2016-03-31 08:54:37.979, 2016-03-31 08:54:37.979, 2016-03-31 08:54:37.979, 7AAE6368-6534-4BBF-8887-466651381BBF, D3434A09-8310-4E0B-9A54-FE70F452FE3F, 1, AAAAA, 2016-03-31 13:00:50.347, null, 2016-03-31 13:00:50.347, 1, 51000]
[EL Fine]: sql: 2016-03-31 13:00:50.362--ClientSession(837476809)--Connection(216377202)--Thread(Thread[Test worker,5,main])--SELECT judgeRegId, appointmentDate, barId, caseCount, dateOfRetirement, fEndDate, fStartDate, forumId, jContactId, versionId, createdBy, createdDate, updatedBy, updatedDate, activeStatus, txnAccessCode FROM ast_JudgeRegistration_T WHERE ((activeStatus = ?) AND (judgeRegId = ?))
	bind => [1, 1959AC45-8C22-4223-9BAA-25F174A9FB51]
Setting logged in user info for UPDATE
[EL Fine]: sql: 2016-03-31 13:00:50.368--ClientSession(1535166955)--Connection(216377202)--Thread(Thread[Test worker,5,main])--SELECT judgeRegId, appointmentDate, barId, caseCount, dateOfRetirement, fEndDate, fStartDate, forumId, jContactId, versionId, createdBy, createdDate, updatedBy, updatedDate, activeStatus, txnAccessCode FROM ast_JudgeRegistration_T WHERE (judgeRegId = ?)
	bind => [1959AC45-8C22-4223-9BAA-25F174A9FB51]
[EL Fine]: sql: 2016-03-31 13:00:50.37--ClientSession(1535166955)--Connection(216377202)--Thread(Thread[Test worker,5,main])--UPDATE ast_JudgeRegistration_T SET appointmentDate = ?, barId = ?, dateOfRetirement = ?, fEndDate = ?, fStartDate = ?, updatedBy = ?, versionId = ? WHERE ((judgeRegId = ?) AND (versionId = ?))
	bind => [2016-03-31 08:54:38.031, x4lVw8OLjG4pPOHXZqdqo8hI1zFbiMe0HgAvMXGeK7RcGWdc34, 2016-03-31 08:54:38.049, 2016-03-31 08:54:38.053, 2016-03-31 08:54:38.046, AAAAA, 2, 1959AC45-8C22-4223-9BAA-25F174A9FB51, 1]
[EL Fine]: sql: 2016-03-31 13:00:50.379--ClientSession(182085548)--Connection(216377202)--Thread(Thread[Test worker,5,main])--SELECT judgeRegId, appointmentDate, barId, caseCount, dateOfRetirement, fEndDate, fStartDate, forumId, jContactId, versionId, createdBy, createdDate, updatedBy, updatedDate, activeStatus, txnAccessCode FROM ast_JudgeRegistration_T WHERE ((activeStatus = ?) AND (judgeRegId = ?))
	bind => [1, 1959AC45-8C22-4223-9BAA-25F174A9FB51]
[EL Fine]: sql: 2016-03-31 13:00:50.385--ClientSession(1463740517)--Connection(216377202)--Thread(Thread[Test worker,5,main])--SELECT judgeRegId, appointmentDate, barId, caseCount, dateOfRetirement, fEndDate, fStartDate, forumId, jContactId, versionId, createdBy, createdDate, updatedBy, updatedDate, activeStatus, txnAccessCode FROM ast_JudgeRegistration_T WHERE ((activeStatus = ?) AND (forumId = ?))
	bind => [1, 7AAE6368-6534-4BBF-8887-466651381BBF]
[EL Fine]: sql: 2016-03-31 13:00:50.391--ClientSession(111765258)--Connection(216377202)--Thread(Thread[Test worker,5,main])--SELECT judgeRegId, appointmentDate, barId, caseCount, dateOfRetirement, fEndDate, fStartDate, forumId, jContactId, versionId, createdBy, createdDate, updatedBy, updatedDate, activeStatus, txnAccessCode FROM ast_JudgeRegistration_T WHERE ((activeStatus = ?) AND (jContactId = ?))
	bind => [1, D3434A09-8310-4E0B-9A54-FE70F452FE3F]
[EL Fine]: sql: 2016-03-31 13:00:50.416--ClientSession(220180423)--Connection(216377202)--Thread(Thread[Test worker,5,main])--SELECT judgeRegId, appointmentDate, barId, caseCount, dateOfRetirement, fEndDate, fStartDate, forumId, jContactId, versionId, createdBy, createdDate, updatedBy, updatedDate, activeStatus, txnAccessCode FROM ast_JudgeRegistration_T WHERE (judgeRegId = ?)
	bind => [1959AC45-8C22-4223-9BAA-25F174A9FB51]
[EL Fine]: sql: 2016-03-31 13:00:50.418--ClientSession(220180423)--Connection(216377202)--Thread(Thread[Test worker,5,main])--DELETE FROM ast_JudgeRegistration_T WHERE ((judgeRegId = ?) AND (versionId = ?))
	bind => [1959AC45-8C22-4223-9BAA-25F174A9FB51, 2]
[EL Fine]: sql: 2016-03-31 13:00:50.422--ClientSession(1975554419)--Connection(216377202)--Thread(Thread[Test worker,5,main])--SELECT forumId, forumDesc, litCategoryId, versionId, createdBy, createdDate, updatedBy, updatedDate, activeStatus, txnAccessCode FROM ast_Forum_M WHERE (forumId = ?)
	bind => [7AAE6368-6534-4BBF-8887-466651381BBF]
[EL Fine]: sql: 2016-03-31 13:00:50.423--ClientSession(1975554419)--Connection(216377202)--Thread(Thread[Test worker,5,main])--DELETE FROM ast_Forum_M WHERE ((forumId = ?) AND (versionId = ?))
	bind => [7AAE6368-6534-4BBF-8887-466651381BBF, 1]
[EL Fine]: sql: 2016-03-31 13:00:50.427--ClientSession(1891444079)--Connection(216377202)--Thread(Thread[Test worker,5,main])--SELECT litigationCatId, litigationCat, versionId, createdBy, createdDate, updatedBy, updatedDate, activeStatus, txnAccessCode FROM ast_LitigationCategory_M WHERE (litigationCatId = ?)
	bind => [42CFB533-2453-46AD-B9B2-9A13A8016424]
[EL Fine]: sql: 2016-03-31 13:00:50.428--ClientSession(1891444079)--Connection(216377202)--Thread(Thread[Test worker,5,main])--DELETE FROM ast_LitigationCategory_M WHERE ((litigationCatId = ?) AND (versionId = ?))
	bind => [42CFB533-2453-46AD-B9B2-9A13A8016424, 1]
[EL Fine]: sql: 2016-03-31 13:00:50.432--ClientSession(706411519)--Connection(216377202)--Thread(Thread[Test worker,5,main])--SELECT contactId, age, approximateDOB, dateofbirth, emailId, firstName, genderId, lastName, middleName, nativeFirstName, nativeLanguageCode, nativeLastName, nativeMiddleName, nativeTitle, phoneNumber, titleId, versionId, createdBy, createdDate, updatedBy, updatedDate, activeStatus, txnAccessCode, timeZoneId FROM ast_CoreContacts_T WHERE (contactId = ?)
	bind => [D3434A09-8310-4E0B-9A54-FE70F452FE3F]
[EL Fine]: sql: 2016-03-31 13:00:50.433--ClientSession(706411519)--Connection(216377202)--Thread(Thread[Test worker,5,main])--SELECT timeZoneId, cities, country, gmtLabel, timeZoneLabel, utcdifference, versionId, createdBy, createdDate, updatedBy, updatedDate, activeStatus, txnAccessCode FROM ast_Timezone_M WHERE (timeZoneId = ?)
	bind => [2287CEBC-D2F4-40A0-AE73-32705F33B28B]
[EL Fine]: sql: 2016-03-31 13:00:50.436--ClientSession(706411519)--Connection(216377202)--Thread(Thread[Test worker,5,main])--SELECT t1.addressId, t1.address1, t1.address2, t1.address3, t1.addressLabel, t1.addressTypeId, t1.cityId, t1.countryId, t1.latitude, t1.longitude, t1.stateId, t1.versionId, t1.zipcode, t1.createdBy, t1.createdDate, t1.updatedBy, t1.updatedDate, t1.activeStatus, t1.txnAccessCode FROM ast_AddressMap_B t0, ast_Address_T t1 WHERE ((t0.contactId = ?) AND (t1.addressId = t0.addressId))
	bind => [D3434A09-8310-4E0B-9A54-FE70F452FE3F]
[EL Fine]: sql: 2016-03-31 13:00:50.438--ClientSession(706411519)--Connection(216377202)--Thread(Thread[Test worker,5,main])--SELECT t1.commDataId, t1.commData, t1.commGroupId, t1.commType, t1.versionId, t1.createdBy, t1.createdDate, t1.updatedBy, t1.updatedDate, t1.activeStatus, t1.txnAccessCode FROM ast_CommunicationMap_B t0, ast_CommunicationData_TP t1 WHERE ((t0.contactId = ?) AND (t1.commDataId = t0.commDataId))
	bind => [D3434A09-8310-4E0B-9A54-FE70F452FE3F]
[EL Fine]: sql: 2016-03-31 13:00:50.441--ClientSession(706411519)--Connection(216377202)--Thread(Thread[Test worker,5,main])--DELETE FROM ast_AddressMap_B WHERE (contactId = ?)
	bind => [D3434A09-8310-4E0B-9A54-FE70F452FE3F]
[EL Fine]: sql: 2016-03-31 13:00:50.441--ClientSession(706411519)--Connection(216377202)--Thread(Thread[Test worker,5,main])--DELETE FROM ast_CommunicationMap_B WHERE (contactId = ?)
	bind => [D3434A09-8310-4E0B-9A54-FE70F452FE3F]
[EL Fine]: sql: 2016-03-31 13:00:50.442--ClientSession(706411519)--Connection(216377202)--Thread(Thread[Test worker,5,main])--DELETE FROM ast_Address_T WHERE ((addressId = ?) AND (versionId = ?))
	bind => [908EAAAC-3440-4820-BFB5-8ABEDC99E9F8, 1]
[EL Fine]: sql: 2016-03-31 13:00:50.447--ClientSession(706411519)--Connection(216377202)--Thread(Thread[Test worker,5,main])--DELETE FROM ast_CommunicationData_TP WHERE ((commDataId = ?) AND (versionId = ?))
	bind => [28D9CC11-7426-46F4-9716-F9518BE907C6, 1]
[EL Fine]: sql: 2016-03-31 13:00:50.448--ClientSession(706411519)--Connection(216377202)--Thread(Thread[Test worker,5,main])--DELETE FROM ast_CoreContacts_T WHERE ((contactId = ?) AND (versionId = ?))
	bind => [D3434A09-8310-4E0B-9A54-FE70F452FE3F, 1]
[EL Fine]: sql: 2016-03-31 13:00:50.452--ClientSession(404440053)--Connection(216377202)--Thread(Thread[Test worker,5,main])--SELECT cityId, cityCode, cityCodeChar2, cityDescription, cityFlag, cityLatitude, cityLongitude, cityName, countryId, stateId, versionId, createdBy, createdDate, updatedBy, updatedDate, activeStatus, txnAccessCode FROM ast_City_M WHERE (cityId = ?)
	bind => [1729ABE9-9881-4BCB-9B4D-3CEC6FD0A99B]
[EL Fine]: sql: 2016-03-31 13:00:50.454--ClientSession(404440053)--Connection(216377202)--Thread(Thread[Test worker,5,main])--DELETE FROM ast_City_M WHERE ((cityId = ?) AND (versionId = ?))
	bind => [1729ABE9-9881-4BCB-9B4D-3CEC6FD0A99B, 1]
[EL Fine]: sql: 2016-03-31 13:00:50.459--ClientSession(399502333)--Connection(216377202)--Thread(Thread[Test worker,5,main])--SELECT addressTypeId, addressType, addressTypeDesc, addressTypeIcon, versionId, createdBy, createdDate, updatedBy, updatedDate, activeStatus, txnAccessCode FROM ast_AddressType_M WHERE (addressTypeId = ?)
	bind => [79ED64DE-BF66-4322-8D04-BF5A9E1B87DA]
[EL Fine]: sql: 2016-03-31 13:00:50.46--ClientSession(399502333)--Connection(216377202)--Thread(Thread[Test worker,5,main])--DELETE FROM ast_AddressType_M WHERE ((addressTypeId = ?) AND (versionId = ?))
	bind => [79ED64DE-BF66-4322-8D04-BF5A9E1B87DA, 1]
[EL Fine]: sql: 2016-03-31 13:00:50.464--ClientSession(1785858833)--Connection(216377202)--Thread(Thread[Test worker,5,main])--SELECT stateId, countryId, stateCapital, stateCapitalLatitude, stateCapitalLongitude, stateCode, stateCodeChar2, stateCodeChar3, stateDescription, stateFlag, stateName, versionId, createdBy, createdDate, updatedBy, updatedDate, activeStatus, txnAccessCode FROM ast_State_M WHERE (stateId = ?)
	bind => [F5FA0B7F-28C2-4F4F-9D6F-C150D3AEA6F8]
[EL Fine]: sql: 2016-03-31 13:00:50.466--ClientSession(1785858833)--Connection(216377202)--Thread(Thread[Test worker,5,main])--DELETE FROM ast_State_M WHERE ((stateId = ?) AND (versionId = ?))
	bind => [F5FA0B7F-28C2-4F4F-9D6F-C150D3AEA6F8, 1]
[EL Fine]: sql: 2016-03-31 13:00:50.469--ClientSession(622784196)--Connection(216377202)--Thread(Thread[Test worker,5,main])--SELECT countryId, capital, capitalLatitude, capitalLongitude, countryCode1, countryCode2, countryFlag, countryName, currencyCode, currencyName, currencySymbol, isoNumeric, versionId, createdBy, createdDate, updatedBy, updatedDate, activeStatus, txnAccessCode FROM ast_Country_M WHERE (countryId = ?)
	bind => [C43C0E4A-AAD4-4095-ABFB-49230774280C]
[EL Fine]: sql: 2016-03-31 13:00:50.471--ClientSession(622784196)--Connection(216377202)--Thread(Thread[Test worker,5,main])--DELETE FROM ast_Country_M WHERE ((countryId = ?) AND (versionId = ?))
	bind => [C43C0E4A-AAD4-4095-ABFB-49230774280C, 1]
[EL Fine]: sql: 2016-03-31 13:00:50.479--ClientSession(326069969)--Connection(216377202)--Thread(Thread[Test worker,5,main])--SELECT commType, commGroupId, commTypeDescription, commTypeName, versionId, createdBy, createdDate, updatedBy, updatedDate, activeStatus, txnAccessCode FROM ast_CommunicationType_M WHERE (commType = ?)
	bind => [5E5D4A35-C4E2-4AC7-9384-5E0B3930CF60]
[EL Fine]: sql: 2016-03-31 13:00:50.481--ClientSession(326069969)--Connection(216377202)--Thread(Thread[Test worker,5,main])--DELETE FROM ast_CommunicationType_M WHERE ((commType = ?) AND (versionId = ?))
	bind => [5E5D4A35-C4E2-4AC7-9384-5E0B3930CF60, 1]
[EL Fine]: sql: 2016-03-31 13:00:50.487--ClientSession(677676866)--Connection(216377202)--Thread(Thread[Test worker,5,main])--SELECT commGroupId, commGroupDescription, commGroupName, versionId, createdBy, createdDate, updatedBy, updatedDate, activeStatus, txnAccessCode FROM ast_CommunicationGroup_M WHERE (commGroupId = ?)
	bind => [C931241B-A9AE-43B9-AB03-88BDB6F52955]
[EL Fine]: sql: 2016-03-31 13:00:50.488--ClientSession(677676866)--Connection(216377202)--Thread(Thread[Test worker,5,main])--DELETE FROM ast_CommunicationGroup_M WHERE ((commGroupId = ?) AND (versionId = ?))
	bind => [C931241B-A9AE-43B9-AB03-88BDB6F52955, 1]
[EL Fine]: sql: 2016-03-31 13:00:50.492--ClientSession(1652537256)--Connection(216377202)--Thread(Thread[Test worker,5,main])--SELECT titleId, titles, versionId, createdBy, createdDate, updatedBy, updatedDate, activeStatus, txnAccessCode FROM ast_Title_M WHERE (titleId = ?)
	bind => [BAF9B346-3EFC-46FE-89F0-B4372626653A]
[EL Fine]: sql: 2016-03-31 13:00:50.493--ClientSession(1652537256)--Connection(216377202)--Thread(Thread[Test worker,5,main])--DELETE FROM ast_Title_M WHERE ((titleId = ?) AND (versionId = ?))
	bind => [BAF9B346-3EFC-46FE-89F0-B4372626653A, 1]
[EL Fine]: sql: 2016-03-31 13:00:50.499--ClientSession(1661772983)--Connection(216377202)--Thread(Thread[Test worker,5,main])--SELECT genderId, gender, versionId, createdBy, createdDate, updatedBy, updatedDate, activeStatus, txnAccessCode FROM ast_Gender_M WHERE (genderId = ?)
	bind => [F5BB6C98-19A9-476E-97C6-86FDBACCAB9C]
[EL Fine]: sql: 2016-03-31 13:00:50.5--ClientSession(1661772983)--Connection(216377202)--Thread(Thread[Test worker,5,main])--DELETE FROM ast_Gender_M WHERE ((genderId = ?) AND (versionId = ?))
	bind => [F5BB6C98-19A9-476E-97C6-86FDBACCAB9C, 1]
[EL Fine]: sql: 2016-03-31 13:00:50.505--ClientSession(926883868)--Connection(216377202)--Thread(Thread[Test worker,5,main])--SELECT languageId, alpha2, alpha3, alpha4, alpha4parentid, language, languageDescription, languageIcon, languageType, versionId, createdBy, createdDate, updatedBy, updatedDate, activeStatus, txnAccessCode FROM ast_Language_M WHERE (languageId = ?)
	bind => [62A2D513-553A-44DD-8C56-DAA7335A3803]
[EL Fine]: sql: 2016-03-31 13:00:50.506--ClientSession(926883868)--Connection(216377202)--Thread(Thread[Test worker,5,main])--DELETE FROM ast_Language_M WHERE ((languageId = ?) AND (versionId = ?))
	bind => [62A2D513-553A-44DD-8C56-DAA7335A3803, 1]
]]></system-out>
  <system-err><![CDATA[com.app.shared.lexmauriscontext.legal.JudgeRegistration.barId size must be between 1 and 256
com.athena.framework.server.exception.biz.SpartanConstraintViolationException: Exception in validating entity /com.app.shared.lexmauriscontext.legal.JudgeRegistration.barId size must be between 1 and 256

	at com.athena.framework.server.helper.EntityValidatorHelper.validateEntity(EntityValidatorHelper.java:28)
	at com.app.shared.lexmauriscontext.legal.JudgeRegistration.isValid(JudgeRegistration.java:238)
	at com.app.server.service.lexmauriscontext.legal.JudgeRegistrationTestCase.validateJudgeRegistration(JudgeRegistrationTestCase.java:470)
	at com.app.server.service.lexmauriscontext.legal.JudgeRegistrationTestCase.test5NegativeTesting(JudgeRegistrationTestCase.java:502)
	at sun.reflect.NativeMethodAccessorImpl.invoke0(Native Method)
	at sun.reflect.NativeMethodAccessorImpl.invoke(NativeMethodAccessorImpl.java:57)
	at sun.reflect.DelegatingMethodAccessorImpl.invoke(DelegatingMethodAccessorImpl.java:43)
	at java.lang.reflect.Method.invoke(Method.java:606)
	at org.junit.runners.model.FrameworkMethod$1.runReflectiveCall(FrameworkMethod.java:47)
	at org.junit.internal.runners.model.ReflectiveCallable.run(ReflectiveCallable.java:12)
	at org.junit.runners.model.FrameworkMethod.invokeExplosively(FrameworkMethod.java:44)
	at org.junit.internal.runners.statements.InvokeMethod.evaluate(InvokeMethod.java:17)
	at org.junit.internal.runners.statements.RunBefores.evaluate(RunBefores.java:26)
	at org.springframework.test.context.junit4.statements.RunBeforeTestMethodCallbacks.evaluate(RunBeforeTestMethodCallbacks.java:74)
	at org.junit.internal.runners.statements.RunAfters.evaluate(RunAfters.java:27)
	at org.springframework.test.context.junit4.statements.RunAfterTestMethodCallbacks.evaluate(RunAfterTestMethodCallbacks.java:83)
	at org.springframework.test.context.junit4.statements.SpringRepeat.evaluate(SpringRepeat.java:72)
	at org.springframework.test.context.junit4.SpringJUnit4ClassRunner.runChild(SpringJUnit4ClassRunner.java:233)
	at org.springframework.test.context.junit4.SpringJUnit4ClassRunner.runChild(SpringJUnit4ClassRunner.java:87)
	at org.junit.runners.ParentRunner$3.run(ParentRunner.java:238)
	at org.junit.runners.ParentRunner$1.schedule(ParentRunner.java:63)
	at org.junit.runners.ParentRunner.runChildren(ParentRunner.java:236)
	at org.junit.runners.ParentRunner.access$000(ParentRunner.java:53)
	at org.junit.runners.ParentRunner$2.evaluate(ParentRunner.java:229)
	at org.springframework.test.context.junit4.statements.RunBeforeTestClassCallbacks.evaluate(RunBeforeTestClassCallbacks.java:61)
	at org.springframework.test.context.junit4.statements.RunAfterTestClassCallbacks.evaluate(RunAfterTestClassCallbacks.java:71)
	at org.junit.runners.ParentRunner.run(ParentRunner.java:309)
	at org.springframework.test.context.junit4.SpringJUnit4ClassRunner.run(SpringJUnit4ClassRunner.java:176)
	at org.gradle.api.internal.tasks.testing.junit.JUnitTestClassExecuter.runTestClass(JUnitTestClassExecuter.java:86)
	at org.gradle.api.internal.tasks.testing.junit.JUnitTestClassExecuter.execute(JUnitTestClassExecuter.java:49)
	at org.gradle.api.internal.tasks.testing.junit.JUnitTestClassProcessor.processTestClass(JUnitTestClassProcessor.java:64)
	at org.gradle.api.internal.tasks.testing.SuiteTestClassProcessor.processTestClass(SuiteTestClassProcessor.java:50)
	at sun.reflect.NativeMethodAccessorImpl.invoke0(Native Method)
	at sun.reflect.NativeMethodAccessorImpl.invoke(NativeMethodAccessorImpl.java:57)
	at sun.reflect.DelegatingMethodAccessorImpl.invoke(DelegatingMethodAccessorImpl.java:43)
	at java.lang.reflect.Method.invoke(Method.java:606)
	at org.gradle.messaging.dispatch.ReflectionDispatch.dispatch(ReflectionDispatch.java:35)
	at org.gradle.messaging.dispatch.ReflectionDispatch.dispatch(ReflectionDispatch.java:24)
	at org.gradle.messaging.dispatch.ContextClassLoaderDispatch.dispatch(ContextClassLoaderDispatch.java:32)
	at org.gradle.messaging.dispatch.ProxyDispatchAdapter$DispatchingInvocationHandler.invoke(ProxyDispatchAdapter.java:93)
	at com.sun.proxy.$Proxy2.processTestClass(Unknown Source)
	at org.gradle.api.internal.tasks.testing.worker.TestWorker.processTestClass(TestWorker.java:106)
	at sun.reflect.NativeMethodAccessorImpl.invoke0(Native Method)
	at sun.reflect.NativeMethodAccessorImpl.invoke(NativeMethodAccessorImpl.java:57)
	at sun.reflect.DelegatingMethodAccessorImpl.invoke(DelegatingMethodAccessorImpl.java:43)
	at java.lang.reflect.Method.invoke(Method.java:606)
	at org.gradle.messaging.dispatch.ReflectionDispatch.dispatch(ReflectionDispatch.java:35)
	at org.gradle.messaging.dispatch.ReflectionDispatch.dispatch(ReflectionDispatch.java:24)
	at org.gradle.messaging.remote.internal.hub.MessageHub$Handler.run(MessageHub.java:360)
	at org.gradle.internal.concurrent.DefaultExecutorFactory$StoppableExecutorImpl$1.run(DefaultExecutorFactory.java:64)
	at java.util.concurrent.ThreadPoolExecutor.runWorker(ThreadPoolExecutor.java:1145)
	at java.util.concurrent.ThreadPoolExecutor$Worker.run(ThreadPoolExecutor.java:615)
	at java.lang.Thread.run(Thread.java:745)
com.app.shared.lexmauriscontext.legal.JudgeRegistration.appointmentDate may not be null
com.athena.framework.server.exception.biz.SpartanConstraintViolationException: Exception in validating entity /com.app.shared.lexmauriscontext.legal.JudgeRegistration.appointmentDate may not be null

	at com.athena.framework.server.helper.EntityValidatorHelper.validateEntity(EntityValidatorHelper.java:28)
	at com.app.shared.lexmauriscontext.legal.JudgeRegistration.isValid(JudgeRegistration.java:238)
	at com.app.server.service.lexmauriscontext.legal.JudgeRegistrationTestCase.validateJudgeRegistration(JudgeRegistrationTestCase.java:472)
	at com.app.server.service.lexmauriscontext.legal.JudgeRegistrationTestCase.test5NegativeTesting(JudgeRegistrationTestCase.java:508)
	at sun.reflect.NativeMethodAccessorImpl.invoke0(Native Method)
	at sun.reflect.NativeMethodAccessorImpl.invoke(NativeMethodAccessorImpl.java:57)
	at sun.reflect.DelegatingMethodAccessorImpl.invoke(DelegatingMethodAccessorImpl.java:43)
	at java.lang.reflect.Method.invoke(Method.java:606)
	at org.junit.runners.model.FrameworkMethod$1.runReflectiveCall(FrameworkMethod.java:47)
	at org.junit.internal.runners.model.ReflectiveCallable.run(ReflectiveCallable.java:12)
	at org.junit.runners.model.FrameworkMethod.invokeExplosively(FrameworkMethod.java:44)
	at org.junit.internal.runners.statements.InvokeMethod.evaluate(InvokeMethod.java:17)
	at org.junit.internal.runners.statements.RunBefores.evaluate(RunBefores.java:26)
	at org.springframework.test.context.junit4.statements.RunBeforeTestMethodCallbacks.evaluate(RunBeforeTestMethodCallbacks.java:74)
	at org.junit.internal.runners.statements.RunAfters.evaluate(RunAfters.java:27)
	at org.springframework.test.context.junit4.statements.RunAfterTestMethodCallbacks.evaluate(RunAfterTestMethodCallbacks.java:83)
	at org.springframework.test.context.junit4.statements.SpringRepeat.evaluate(SpringRepeat.java:72)
	at org.springframework.test.context.junit4.SpringJUnit4ClassRunner.runChild(SpringJUnit4ClassRunner.java:233)
	at org.springframework.test.context.junit4.SpringJUnit4ClassRunner.runChild(SpringJUnit4ClassRunner.java:87)
	at org.junit.runners.ParentRunner$3.run(ParentRunner.java:238)
	at org.junit.runners.ParentRunner$1.schedule(ParentRunner.java:63)
	at org.junit.runners.ParentRunner.runChildren(ParentRunner.java:236)
	at org.junit.runners.ParentRunner.access$000(ParentRunner.java:53)
	at org.junit.runners.ParentRunner$2.evaluate(ParentRunner.java:229)
	at org.springframework.test.context.junit4.statements.RunBeforeTestClassCallbacks.evaluate(RunBeforeTestClassCallbacks.java:61)
	at org.springframework.test.context.junit4.statements.RunAfterTestClassCallbacks.evaluate(RunAfterTestClassCallbacks.java:71)
	at org.junit.runners.ParentRunner.run(ParentRunner.java:309)
	at org.springframework.test.context.junit4.SpringJUnit4ClassRunner.run(SpringJUnit4ClassRunner.java:176)
	at org.gradle.api.internal.tasks.testing.junit.JUnitTestClassExecuter.runTestClass(JUnitTestClassExecuter.java:86)
	at org.gradle.api.internal.tasks.testing.junit.JUnitTestClassExecuter.execute(JUnitTestClassExecuter.java:49)
	at org.gradle.api.internal.tasks.testing.junit.JUnitTestClassProcessor.processTestClass(JUnitTestClassProcessor.java:64)
	at org.gradle.api.internal.tasks.testing.SuiteTestClassProcessor.processTestClass(SuiteTestClassProcessor.java:50)
	at sun.reflect.NativeMethodAccessorImpl.invoke0(Native Method)
	at sun.reflect.NativeMethodAccessorImpl.invoke(NativeMethodAccessorImpl.java:57)
	at sun.reflect.DelegatingMethodAccessorImpl.invoke(DelegatingMethodAccessorImpl.java:43)
	at java.lang.reflect.Method.invoke(Method.java:606)
	at org.gradle.messaging.dispatch.ReflectionDispatch.dispatch(ReflectionDispatch.java:35)
	at org.gradle.messaging.dispatch.ReflectionDispatch.dispatch(ReflectionDispatch.java:24)
	at org.gradle.messaging.dispatch.ContextClassLoaderDispatch.dispatch(ContextClassLoaderDispatch.java:32)
	at org.gradle.messaging.dispatch.ProxyDispatchAdapter$DispatchingInvocationHandler.invoke(ProxyDispatchAdapter.java:93)
	at com.sun.proxy.$Proxy2.processTestClass(Unknown Source)
	at org.gradle.api.internal.tasks.testing.worker.TestWorker.processTestClass(TestWorker.java:106)
	at sun.reflect.NativeMethodAccessorImpl.invoke0(Native Method)
	at sun.reflect.NativeMethodAccessorImpl.invoke(NativeMethodAccessorImpl.java:57)
	at sun.reflect.DelegatingMethodAccessorImpl.invoke(DelegatingMethodAccessorImpl.java:43)
	at java.lang.reflect.Method.invoke(Method.java:606)
	at org.gradle.messaging.dispatch.ReflectionDispatch.dispatch(ReflectionDispatch.java:35)
	at org.gradle.messaging.dispatch.ReflectionDispatch.dispatch(ReflectionDispatch.java:24)
	at org.gradle.messaging.remote.internal.hub.MessageHub$Handler.run(MessageHub.java:360)
	at org.gradle.internal.concurrent.DefaultExecutorFactory$StoppableExecutorImpl$1.run(DefaultExecutorFactory.java:64)
	at java.util.concurrent.ThreadPoolExecutor.runWorker(ThreadPoolExecutor.java:1145)
	at java.util.concurrent.ThreadPoolExecutor$Worker.run(ThreadPoolExecutor.java:615)
	at java.lang.Thread.run(Thread.java:745)
]]></system-err>
</testsuite>
