<?xml version="1.0" encoding="UTF-8"?>
<testsuite name="com.app.server.service.defaultcontext.defaultdomain.StudentTestCase" tests="5" skipped="0" failures="0" errors="0" timestamp="2016-03-31T13:00:23" hostname="89899f55dcd4" time="26.558">
  <properties/>
  <testcase name="test1Save" classname="com.app.server.service.defaultcontext.defaultdomain.StudentTestCase" time="26.488"/>
  <testcase name="test2Update" classname="com.app.server.service.defaultcontext.defaultdomain.StudentTestCase" time="0.022"/>
  <testcase name="test3FindById" classname="com.app.server.service.defaultcontext.defaultdomain.StudentTestCase" time="0.009"/>
  <testcase name="test5NegativeTesting" classname="com.app.server.service.defaultcontext.defaultdomain.StudentTestCase" time="0.021"/>
  <testcase name="test6Delete" classname="com.app.server.service.defaultcontext.defaultdomain.StudentTestCase" time="0.017"/>
  <system-out><![CDATA[[EL Config]: metadata: 2016-03-31 13:00:29.565--ServerSession(1045961511)--Thread(Thread[Test worker,5,main])--The access type for the persistent class [class com.athena.shared.entity.ArtEntity] is set to [FIELD].
[EL Config]: metadata: 2016-03-31 13:00:29.596--ServerSession(1045961511)--Thread(Thread[Test worker,5,main])--The access type for the persistent class [class com.athena.shared.entity.AuditPropertiesEntity] is set to [FIELD].
[EL Config]: metadata: 2016-03-31 13:00:29.598--ServerSession(1045961511)--Thread(Thread[Test worker,5,main])--The access type for the persistent class [class com.athena.shared.entity.query.ArtQuery] is set to [FIELD].
[EL Config]: metadata: 2016-03-31 13:00:29.601--ServerSession(1045961511)--Thread(Thread[Test worker,5,main])--The access type for the persistent class [class com.app.shared.lexmauriscontext.userprofile.SignUp] is set to [FIELD].
[EL Config]: metadata: 2016-03-31 13:00:29.605--ServerSession(1045961511)--Thread(Thread[Test worker,5,main])--The access type for the persistent class [class com.app.shared.aaaboundedcontext.authentication.PasswordPolicy] is set to [FIELD].
[EL Config]: metadata: 2016-03-31 13:00:29.606--ServerSession(1045961511)--Thread(Thread[Test worker,5,main])--The access type for the persistent class [class com.app.shared.lexmauriscontext.legal.CaseRespondent] is set to [FIELD].
[EL Config]: metadata: 2016-03-31 13:00:29.607--ServerSession(1045961511)--Thread(Thread[Test worker,5,main])--The access type for the persistent class [class com.app.shared.lexmauriscontext.legal.CaseRespondentAdv] is set to [FIELD].
[EL Config]: metadata: 2016-03-31 13:00:29.608--ServerSession(1045961511)--Thread(Thread[Test worker,5,main])--The access type for the persistent class [class com.app.shared.organizationboundedcontext.location.Language] is set to [FIELD].
[EL Config]: metadata: 2016-03-31 13:00:29.609--ServerSession(1045961511)--Thread(Thread[Test worker,5,main])--The access type for the persistent class [class com.app.shared.organizationboundedcontext.contacts.CommunicationData] is set to [FIELD].
[EL Config]: metadata: 2016-03-31 13:00:29.609--ServerSession(1045961511)--Thread(Thread[Test worker,5,main])--The access type for the persistent class [class com.app.shared.aaaboundedcontext.authorization.Roles] is set to [FIELD].
[EL Config]: metadata: 2016-03-31 13:00:29.619--ServerSession(1045961511)--Thread(Thread[Test worker,5,main])--The target entity (reference) class for the one to many mapping element [field roleMenuBridge] is being defaulted to: class com.app.shared.aaaboundedcontext.authorization.RoleMenuBridge.
[EL Config]: metadata: 2016-03-31 13:00:29.62--ServerSession(1045961511)--Thread(Thread[Test worker,5,main])--The access type for the persistent class [class com.app.shared.aaaboundedcontext.authentication.LoginSession] is set to [FIELD].
[EL Config]: metadata: 2016-03-31 13:00:29.621--ServerSession(1045961511)--Thread(Thread[Test worker,5,main])--The access type for the persistent class [class com.athena.shared.entity.report.ArtChartTemplate] is set to [FIELD].
[EL Config]: metadata: 2016-03-31 13:00:29.622--ServerSession(1045961511)--Thread(Thread[Test worker,5,main])--The access type for the persistent class [class com.spartan.sprinkler.entity.AuditPropertiesEntity] is set to [FIELD].
[EL Config]: metadata: 2016-03-31 13:00:29.623--ServerSession(1045961511)--Thread(Thread[Test worker,5,main])--The access type for the persistent class [class com.spartan.sprinkler.entity.ArtLogConfig] is set to [FIELD].
[EL Config]: metadata: 2016-03-31 13:00:29.623--ServerSession(1045961511)--Thread(Thread[Test worker,5,main])--The target entity (reference) class for the one to many mapping element [field logConnectors] is being defaulted to: class com.spartan.sprinkler.entity.ArtLogConnector.
[EL Config]: metadata: 2016-03-31 13:00:29.624--ServerSession(1045961511)--Thread(Thread[Test worker,5,main])--The target entity (reference) class for the one to many mapping element [field loggingProperties] is being defaulted to: class com.spartan.sprinkler.entity.ArtLoggingProperties.
[EL Config]: metadata: 2016-03-31 13:00:29.624--ServerSession(1045961511)--Thread(Thread[Test worker,5,main])--The target entity (reference) class for the one to many mapping element [field logSeverity] is being defaulted to: class com.spartan.sprinkler.entity.ArtLogSeverity.
[EL Config]: metadata: 2016-03-31 13:00:29.624--ServerSession(1045961511)--Thread(Thread[Test worker,5,main])--The access type for the persistent class [class com.app.shared.defaultcontext.defaultdomain.Student] is set to [FIELD].
[EL Config]: metadata: 2016-03-31 13:00:29.625--ServerSession(1045961511)--Thread(Thread[Test worker,5,main])--The access type for the persistent class [class com.app.shared.organizationboundedcontext.location.Country] is set to [FIELD].
[EL Config]: metadata: 2016-03-31 13:00:29.626--ServerSession(1045961511)--Thread(Thread[Test worker,5,main])--The access type for the persistent class [class com.spartan.healthmeter.entity.ArtHealthStatusConfiguration] is set to [FIELD].
[EL Config]: metadata: 2016-03-31 13:00:29.626--ServerSession(1045961511)--Thread(Thread[Test worker,5,main])--The access type for the persistent class [class com.spartan.sprinkler.entity.ArtLogModule] is set to [FIELD].
[EL Config]: metadata: 2016-03-31 13:00:29.627--ServerSession(1045961511)--Thread(Thread[Test worker,5,main])--The target entity (reference) class for the one to many mapping element [field appAlarm] is being defaulted to: class com.spartan.sprinkler.entity.ArtAppAlarm.
[EL Config]: metadata: 2016-03-31 13:00:29.627--ServerSession(1045961511)--Thread(Thread[Test worker,5,main])--The access type for the persistent class [class com.app.shared.lexmauriscontext.legal.Statute] is set to [FIELD].
[EL Config]: metadata: 2016-03-31 13:00:29.628--ServerSession(1045961511)--Thread(Thread[Test worker,5,main])--The access type for the persistent class [class com.spartan.sprinkler.entity.ArtAppAlarm] is set to [FIELD].
[EL Config]: metadata: 2016-03-31 13:00:29.631--ServerSession(1045961511)--Thread(Thread[Test worker,5,main])--The target entity (reference) class for the many to one mapping element [field logmodule] is being defaulted to: class com.spartan.sprinkler.entity.ArtLogModule.
[EL Config]: metadata: 2016-03-31 13:00:29.631--ServerSession(1045961511)--Thread(Thread[Test worker,5,main])--The access type for the persistent class [class com.app.shared.aaaboundedcontext.authentication.SessionData] is set to [FIELD].
[EL Config]: metadata: 2016-03-31 13:00:29.632--ServerSession(1045961511)--Thread(Thread[Test worker,5,main])--The access type for the persistent class [class com.app.shared.lexmauriscontext.legal.Forum] is set to [FIELD].
[EL Config]: metadata: 2016-03-31 13:00:29.633--ServerSession(1045961511)--Thread(Thread[Test worker,5,main])--The access type for the persistent class [class com.app.shared.organizationboundedcontext.location.Timezone] is set to [FIELD].
[EL Config]: metadata: 2016-03-31 13:00:29.633--ServerSession(1045961511)--Thread(Thread[Test worker,5,main])--The access type for the persistent class [class com.athena.shared.entity.report.ArtChartCategory] is set to [FIELD].
[EL Config]: metadata: 2016-03-31 13:00:29.634--ServerSession(1045961511)--Thread(Thread[Test worker,5,main])--The target entity (reference) class for the one to one mapping element [field chart_json_id] is being defaulted to: class com.athena.shared.entity.report.ArtChartJson.
[EL Config]: metadata: 2016-03-31 13:00:29.634--ServerSession(1045961511)--Thread(Thread[Test worker,5,main])--The access type for the persistent class [class com.athena.shared.entity.report.ArtChartJson] is set to [FIELD].
[EL Config]: metadata: 2016-03-31 13:00:29.635--ServerSession(1045961511)--Thread(Thread[Test worker,5,main])--The target entity (reference) class for the one to one mapping element [field data_field_id] is being defaulted to: class com.athena.shared.entity.report.ArtChartDataFieldJson.
[EL Config]: metadata: 2016-03-31 13:00:29.635--ServerSession(1045961511)--Thread(Thread[Test worker,5,main])--The access type for the persistent class [class com.app.shared.organizationboundedcontext.contacts.ContactType] is set to [FIELD].
[EL Config]: metadata: 2016-03-31 13:00:29.636--ServerSession(1045961511)--Thread(Thread[Test worker,5,main])--The access type for the persistent class [class com.spartan.sprinkler.entity.ArtLoggingProperties] is set to [FIELD].
[EL Config]: metadata: 2016-03-31 13:00:29.636--ServerSession(1045961511)--Thread(Thread[Test worker,5,main])--The target entity (reference) class for the many to one mapping element [field logConfig] is being defaulted to: class com.spartan.sprinkler.entity.ArtLogConfig.
[EL Config]: metadata: 2016-03-31 13:00:29.637--ServerSession(1045961511)--Thread(Thread[Test worker,5,main])--The access type for the persistent class [class com.app.shared.lexmauriscontext.userprofile.ProfileStatuteMap] is set to [FIELD].
[EL Config]: metadata: 2016-03-31 13:00:29.638--ServerSession(1045961511)--Thread(Thread[Test worker,5,main])--The access type for the persistent class [class com.spartan.healthmeter.entity.ZenHealthGauge] is set to [FIELD].
[EL Config]: metadata: 2016-03-31 13:00:29.639--ServerSession(1045961511)--Thread(Thread[Test worker,5,main])--The access type for the persistent class [class com.athena.shared.entity.report.ArtChartProperties] is set to [FIELD].
[EL Config]: metadata: 2016-03-31 13:00:29.639--ServerSession(1045961511)--Thread(Thread[Test worker,5,main])--The access type for the persistent class [class com.athena.shared.entity.query.ArtUserLastStatus] is set to [FIELD].
[EL Config]: metadata: 2016-03-31 13:00:29.641--ServerSession(1045961511)--Thread(Thread[Test worker,5,main])--The access type for the persistent class [class com.app.shared.organizationboundedcontext.location.Address] is set to [FIELD].
[EL Config]: metadata: 2016-03-31 13:00:29.642--ServerSession(1045961511)--Thread(Thread[Test worker,5,main])--The access type for the persistent class [class com.app.shared.lexmauriscontext.userprofile.ProfileLitSubCategory] is set to [FIELD].
[EL Config]: metadata: 2016-03-31 13:00:29.642--ServerSession(1045961511)--Thread(Thread[Test worker,5,main])--The access type for the persistent class [class com.app.shared.aaaboundedcontext.authentication.Login] is set to [FIELD].
[EL Config]: metadata: 2016-03-31 13:00:29.643--ServerSession(1045961511)--Thread(Thread[Test worker,5,main])--The target entity (reference) class for the one to one mapping element [field coreContacts] is being defaulted to: class com.app.shared.organizationboundedcontext.contacts.CoreContacts.
[EL Config]: metadata: 2016-03-31 13:00:29.643--ServerSession(1045961511)--Thread(Thread[Test worker,5,main])--The target entity (reference) class for the one to one mapping element [field user] is being defaulted to: class com.app.shared.aaaboundedcontext.authentication.User.
[EL Config]: metadata: 2016-03-31 13:00:29.644--ServerSession(1045961511)--Thread(Thread[Test worker,5,main])--The access type for the persistent class [class com.app.shared.lexmauriscontext.legal.CaseInterveener] is set to [FIELD].
[EL Config]: metadata: 2016-03-31 13:00:29.644--ServerSession(1045961511)--Thread(Thread[Test worker,5,main])--The access type for the persistent class [class com.app.shared.lexmauriscontext.userprofile.UserType] is set to [FIELD].
[EL Config]: metadata: 2016-03-31 13:00:29.645--ServerSession(1045961511)--Thread(Thread[Test worker,5,main])--The access type for the persistent class [class com.app.shared.organizationboundedcontext.location.State] is set to [FIELD].
[EL Config]: metadata: 2016-03-31 13:00:29.646--ServerSession(1045961511)--Thread(Thread[Test worker,5,main])--The access type for the persistent class [class com.spartan.healthmeter.entity.HealthSchedulerConfiguration] is set to [FIELD].
[EL Config]: metadata: 2016-03-31 13:00:29.647--ServerSession(1045961511)--Thread(Thread[Test worker,5,main])--The access type for the persistent class [class com.spartan.healthmeter.entity.ZenSchedulerHealth] is set to [FIELD].
[EL Config]: metadata: 2016-03-31 13:00:29.649--ServerSession(1045961511)--Thread(Thread[Test worker,5,main])--The access type for the persistent class [class com.athena.shared.entity.report.ArtChartType] is set to [FIELD].
[EL Config]: metadata: 2016-03-31 13:00:29.649--ServerSession(1045961511)--Thread(Thread[Test worker,5,main])--The target entity (reference) class for the one to one mapping element [field chart_id] is being defaulted to: class com.athena.shared.entity.report.ArtChartCategory.
[EL Config]: metadata: 2016-03-31 13:00:29.65--ServerSession(1045961511)--Thread(Thread[Test worker,5,main])--The access type for the persistent class [class com.app.shared.organizationboundedcontext.location.City] is set to [FIELD].
[EL Config]: metadata: 2016-03-31 13:00:29.651--ServerSession(1045961511)--Thread(Thread[Test worker,5,main])--The access type for the persistent class [class com.app.shared.aaaboundedcontext.authentication.UserAccessLevel] is set to [FIELD].
[EL Config]: metadata: 2016-03-31 13:00:29.651--ServerSession(1045961511)--Thread(Thread[Test worker,5,main])--The access type for the persistent class [class com.spartan.shield.server.entity.AppSessionConfig] is set to [FIELD].
[EL Config]: metadata: 2016-03-31 13:00:29.652--ServerSession(1045961511)--Thread(Thread[Test worker,5,main])--The access type for the persistent class [class com.athena.shared.entity.report.ArtChartPropLanguage] is set to [FIELD].
[EL Config]: metadata: 2016-03-31 13:00:29.652--ServerSession(1045961511)--Thread(Thread[Test worker,5,main])--The target entity (reference) class for the one to one mapping element [field property_id] is being defaulted to: class com.athena.shared.entity.report.ArtChartProperties.
[EL Config]: metadata: 2016-03-31 13:00:29.653--ServerSession(1045961511)--Thread(Thread[Test worker,5,main])--The target entity (reference) class for the one to one mapping element [field lang_id] is being defaulted to: class com.athena.shared.entity.report.ArtLangMaster.
[EL Config]: metadata: 2016-03-31 13:00:29.653--ServerSession(1045961511)--Thread(Thread[Test worker,5,main])--The access type for the persistent class [class com.app.shared.lexmauriscontext.legal.LitigationSubCategory] is set to [FIELD].
[EL Config]: metadata: 2016-03-31 13:00:29.654--ServerSession(1045961511)--Thread(Thread[Test worker,5,main])--The access type for the persistent class [class com.athena.shared.entity.report.ArtLangMaster] is set to [FIELD].
[EL Config]: metadata: 2016-03-31 13:00:29.654--ServerSession(1045961511)--Thread(Thread[Test worker,5,main])--The access type for the persistent class [class com.app.shared.aaaboundedcontext.authentication.UserData] is set to [FIELD].
[EL Config]: metadata: 2016-03-31 13:00:29.655--ServerSession(1045961511)--Thread(Thread[Test worker,5,main])--The target entity (reference) class for the one to one mapping element [field user] is being defaulted to: class com.app.shared.aaaboundedcontext.authentication.User.
[EL Config]: metadata: 2016-03-31 13:00:29.655--ServerSession(1045961511)--Thread(Thread[Test worker,5,main])--The access type for the persistent class [class com.app.shared.aaaboundedcontext.authentication.PassRecovery] is set to [FIELD].
[EL Config]: metadata: 2016-03-31 13:00:29.655--ServerSession(1045961511)--Thread(Thread[Test worker,5,main])--The target entity (reference) class for the one to one mapping element [field user] is being defaulted to: class com.app.shared.aaaboundedcontext.authentication.User.
[EL Config]: metadata: 2016-03-31 13:00:29.656--ServerSession(1045961511)--Thread(Thread[Test worker,5,main])--The access type for the persistent class [class com.spartan.sprinkler.entity.ArtLogConnector] is set to [FIELD].
[EL Config]: metadata: 2016-03-31 13:00:29.656--ServerSession(1045961511)--Thread(Thread[Test worker,5,main])--The target entity (reference) class for the one to many mapping element [field logConnectorAttributes] is being defaulted to: class com.spartan.sprinkler.entity.ArtLogConnectorAttributes.
[EL Config]: metadata: 2016-03-31 13:00:29.656--ServerSession(1045961511)--Thread(Thread[Test worker,5,main])--The target entity (reference) class for the many to one mapping element [field logConfig] is being defaulted to: class com.spartan.sprinkler.entity.ArtLogConfig.
[EL Config]: metadata: 2016-03-31 13:00:29.657--ServerSession(1045961511)--Thread(Thread[Test worker,5,main])--The access type for the persistent class [class com.app.shared.organizationboundedcontext.contacts.CommunicationType] is set to [FIELD].
[EL Config]: metadata: 2016-03-31 13:00:29.657--ServerSession(1045961511)--Thread(Thread[Test worker,5,main])--The access type for the persistent class [class com.app.shared.lexmauriscontext.legal.CaseIntervener] is set to [FIELD].
[EL Config]: metadata: 2016-03-31 13:00:29.657--ServerSession(1045961511)--Thread(Thread[Test worker,5,main])--The access type for the persistent class [class com.app.shared.aaaboundedcontext.authentication.PasswordAlgo] is set to [FIELD].
[EL Config]: metadata: 2016-03-31 13:00:29.658--ServerSession(1045961511)--Thread(Thread[Test worker,5,main])--The access type for the persistent class [class com.app.shared.lexmauriscontext.legal.CaseDetail] is set to [FIELD].
[EL Config]: metadata: 2016-03-31 13:00:29.658--ServerSession(1045961511)--Thread(Thread[Test worker,5,main])--The access type for the persistent class [class com.app.shared.organizationboundedcontext.contacts.Title] is set to [FIELD].
[EL Config]: metadata: 2016-03-31 13:00:29.659--ServerSession(1045961511)--Thread(Thread[Test worker,5,main])--The access type for the persistent class [class com.app.shared.aaaboundedcontext.authentication.Question] is set to [FIELD].
[EL Config]: metadata: 2016-03-31 13:00:29.659--ServerSession(1045961511)--Thread(Thread[Test worker,5,main])--The access type for the persistent class [class com.app.shared.lexmauriscontext.legal.CaseInformation] is set to [FIELD].
[EL Config]: metadata: 2016-03-31 13:00:29.66--ServerSession(1045961511)--Thread(Thread[Test worker,5,main])--The access type for the persistent class [class com.app.shared.aaaboundedcontext.authentication.User] is set to [FIELD].
[EL Config]: metadata: 2016-03-31 13:00:29.66--ServerSession(1045961511)--Thread(Thread[Test worker,5,main])--The target entity (reference) class for the one to one mapping element [field userData] is being defaulted to: class com.app.shared.aaaboundedcontext.authentication.UserData.
[EL Config]: metadata: 2016-03-31 13:00:29.66--ServerSession(1045961511)--Thread(Thread[Test worker,5,main])--The target entity (reference) class for the one to many mapping element [field passRecovery] is being defaulted to: class com.app.shared.aaaboundedcontext.authentication.PassRecovery.
[EL Config]: metadata: 2016-03-31 13:00:29.661--ServerSession(1045961511)--Thread(Thread[Test worker,5,main])--The access type for the persistent class [class com.app.shared.lexmauriscontext.legal.LitigationCategory] is set to [FIELD].
[EL Config]: metadata: 2016-03-31 13:00:29.661--ServerSession(1045961511)--Thread(Thread[Test worker,5,main])--The access type for the persistent class [class com.app.shared.lexmauriscontext.legal.JudgeRegistration] is set to [FIELD].
[EL Config]: metadata: 2016-03-31 13:00:29.661--ServerSession(1045961511)--Thread(Thread[Test worker,5,main])--The access type for the persistent class [class com.spartan.healthmeter.entity.ZenHealthStatus] is set to [FIELD].
[EL Config]: metadata: 2016-03-31 13:00:29.662--ServerSession(1045961511)--Thread(Thread[Test worker,5,main])--The access type for the persistent class [class com.app.shared.lexmauriscontext.legal.AdvocateCategory] is set to [FIELD].
[EL Config]: metadata: 2016-03-31 13:00:29.662--ServerSession(1045961511)--Thread(Thread[Test worker,5,main])--The access type for the persistent class [class com.app.shared.lexmauriscontext.legal.DailyCaseTracker] is set to [FIELD].
[EL Config]: metadata: 2016-03-31 13:00:29.663--ServerSession(1045961511)--Thread(Thread[Test worker,5,main])--The access type for the persistent class [class com.app.shared.aaaboundedcontext.authentication.UserAccessDomain] is set to [FIELD].
[EL Config]: metadata: 2016-03-31 13:00:29.663--ServerSession(1045961511)--Thread(Thread[Test worker,5,main])--The access type for the persistent class [class com.app.shared.aaaboundedcontext.authorization.AppMenus] is set to [FIELD].
[EL Config]: metadata: 2016-03-31 13:00:29.664--ServerSession(1045961511)--Thread(Thread[Test worker,5,main])--The access type for the persistent class [class com.app.shared.lexmauriscontext.legal.CaseStatus] is set to [FIELD].
[EL Config]: metadata: 2016-03-31 13:00:29.664--ServerSession(1045961511)--Thread(Thread[Test worker,5,main])--The access type for the persistent class [class com.spartan.healthmeter.entity.ZenRequestDetails] is set to [FIELD].
[EL Config]: metadata: 2016-03-31 13:00:29.665--ServerSession(1045961511)--Thread(Thread[Test worker,5,main])--The access type for the persistent class [class com.spartan.healthmeter.entity.ArtHealthSchedulerConfiguration] is set to [FIELD].
[EL Config]: metadata: 2016-03-31 13:00:29.666--ServerSession(1045961511)--Thread(Thread[Test worker,5,main])--The access type for the persistent class [class com.athena.shared.entity.report.ArtReportBuilderDetails] is set to [FIELD].
[EL Config]: metadata: 2016-03-31 13:00:29.667--ServerSession(1045961511)--Thread(Thread[Test worker,5,main])--The access type for the persistent class [class com.app.shared.aaaboundedcontext.authorization.RoleMenuBridge] is set to [FIELD].
[EL Config]: metadata: 2016-03-31 13:00:29.667--ServerSession(1045961511)--Thread(Thread[Test worker,5,main])--The target entity (reference) class for the one to one mapping element [field roles] is being defaulted to: class com.app.shared.aaaboundedcontext.authorization.Roles.
[EL Config]: metadata: 2016-03-31 13:00:29.667--ServerSession(1045961511)--Thread(Thread[Test worker,5,main])--The access type for the persistent class [class com.app.shared.organizationboundedcontext.contacts.CommunicationGroup] is set to [FIELD].
[EL Config]: metadata: 2016-03-31 13:00:29.667--ServerSession(1045961511)--Thread(Thread[Test worker,5,main])--The access type for the persistent class [class com.app.shared.organizationboundedcontext.location.AddressType] is set to [FIELD].
[EL Config]: metadata: 2016-03-31 13:00:29.668--ServerSession(1045961511)--Thread(Thread[Test worker,5,main])--The access type for the persistent class [class com.app.shared.lexmauriscontext.legal.CaseJudgeMap] is set to [FIELD].
[EL Config]: metadata: 2016-03-31 13:00:29.668--ServerSession(1045961511)--Thread(Thread[Test worker,5,main])--The access type for the persistent class [class com.spartan.healthmeter.entity.ZenHealthCounter] is set to [FIELD].
[EL Config]: metadata: 2016-03-31 13:00:29.669--ServerSession(1045961511)--Thread(Thread[Test worker,5,main])--The access type for the persistent class [class com.app.shared.lexmauriscontext.legal.CasePetitioners] is set to [FIELD].
[EL Config]: metadata: 2016-03-31 13:00:29.669--ServerSession(1045961511)--Thread(Thread[Test worker,5,main])--The access type for the persistent class [class com.app.shared.organizationboundedcontext.contacts.Gender] is set to [FIELD].
[EL Config]: metadata: 2016-03-31 13:00:29.669--ServerSession(1045961511)--Thread(Thread[Test worker,5,main])--The access type for the persistent class [class com.app.shared.lexmauriscontext.userprofile.ProfileForumMap] is set to [FIELD].
[EL Config]: metadata: 2016-03-31 13:00:29.67--ServerSession(1045961511)--Thread(Thread[Test worker,5,main])--The access type for the persistent class [class com.spartan.healthmeter.entity.ZenHealth] is set to [FIELD].
[EL Config]: metadata: 2016-03-31 13:00:29.671--ServerSession(1045961511)--Thread(Thread[Test worker,5,main])--The access type for the persistent class [class com.app.shared.organizationboundedcontext.contacts.CoreContacts] is set to [FIELD].
[EL Config]: metadata: 2016-03-31 13:00:29.671--ServerSession(1045961511)--Thread(Thread[Test worker,5,main])--The target entity (reference) class for the one to one mapping element [field timezone] is being defaulted to: class com.app.shared.organizationboundedcontext.location.Timezone.
[EL Config]: metadata: 2016-03-31 13:00:29.672--ServerSession(1045961511)--Thread(Thread[Test worker,5,main])--The target entity (reference) class for the one to many mapping element [field address] is being defaulted to: class com.app.shared.organizationboundedcontext.location.Address.
[EL Config]: metadata: 2016-03-31 13:00:29.672--ServerSession(1045961511)--Thread(Thread[Test worker,5,main])--The target entity (reference) class for the one to many mapping element [field communicationData] is being defaulted to: class com.app.shared.organizationboundedcontext.contacts.CommunicationData.
[EL Config]: metadata: 2016-03-31 13:00:29.673--ServerSession(1045961511)--Thread(Thread[Test worker,5,main])--The access type for the persistent class [class com.athena.shared.entity.report.ArtChartDataFieldJson] is set to [FIELD].
[EL Config]: metadata: 2016-03-31 13:00:29.673--ServerSession(1045961511)--Thread(Thread[Test worker,5,main])--The access type for the persistent class [class com.athena.shared.entity.report.ArtReportUI] is set to [FIELD].
[EL Config]: metadata: 2016-03-31 13:00:29.674--ServerSession(1045961511)--Thread(Thread[Test worker,5,main])--The access type for the persistent class [class com.app.shared.lexmauriscontext.userprofile.UserOccupation] is set to [FIELD].
[EL Config]: metadata: 2016-03-31 13:00:29.674--ServerSession(1045961511)--Thread(Thread[Test worker,5,main])--The access type for the persistent class [class com.athena.server.bean.EntityBean] is set to [FIELD].
[EL Config]: metadata: 2016-03-31 13:00:29.674--ServerSession(1045961511)--Thread(Thread[Test worker,5,main])--The access type for the persistent class [class com.app.shared.lexmauriscontext.legal.CaseType] is set to [FIELD].
[EL Config]: metadata: 2016-03-31 13:00:29.675--ServerSession(1045961511)--Thread(Thread[Test worker,5,main])--The access type for the persistent class [class com.spartan.sprinkler.entity.ArtLogSeverity] is set to [FIELD].
[EL Config]: metadata: 2016-03-31 13:00:29.675--ServerSession(1045961511)--Thread(Thread[Test worker,5,main])--The target entity (reference) class for the many to one mapping element [field logConfig] is being defaulted to: class com.spartan.sprinkler.entity.ArtLogConfig.
[EL Config]: metadata: 2016-03-31 13:00:29.675--ServerSession(1045961511)--Thread(Thread[Test worker,5,main])--The access type for the persistent class [class com.app.shared.lexmauriscontext.legal.CasePetitionerAdv] is set to [FIELD].
[EL Config]: metadata: 2016-03-31 13:00:29.676--ServerSession(1045961511)--Thread(Thread[Test worker,5,main])--The access type for the persistent class [class com.spartan.sprinkler.entity.ArtLogConnectorAttributes] is set to [FIELD].
[EL Config]: metadata: 2016-03-31 13:00:29.676--ServerSession(1045961511)--Thread(Thread[Test worker,5,main])--The target entity (reference) class for the many to one mapping element [field logConnector] is being defaulted to: class com.spartan.sprinkler.entity.ArtLogConnector.
[EL Config]: metadata: 2016-03-31 13:00:29.677--ServerSession(1045961511)--Thread(Thread[Test worker,5,main])--The access type for the persistent class [class com.app.shared.aaaboundedcontext.authorization.UserRoleBridge] is set to [FIELD].
[EL Config]: metadata: 2016-03-31 13:00:29.677--ServerSession(1045961511)--Thread(Thread[Test worker,5,main])--The access type for the persistent class [class com.spartan.healthmeter.shared.EntityAudit] is set to [FIELD].
[EL Config]: metadata: 2016-03-31 13:00:29.678--ServerSession(1045961511)--Thread(Thread[Test worker,5,main])--The access type for the persistent class [class com.app.shared.SystemInfo] is set to [FIELD].
[EL Config]: metadata: 2016-03-31 13:00:29.678--ServerSession(1045961511)--Thread(Thread[Test worker,5,main])--The access type for the persistent class [class com.spartan.healthmeter.shared.SystemInfo] is set to [FIELD].
[EL Config]: metadata: 2016-03-31 13:00:29.678--ServerSession(1045961511)--Thread(Thread[Test worker,5,main])--The access type for the persistent class [class com.app.shared.EntityAudit] is set to [FIELD].
[EL Config]: metadata: 2016-03-31 13:00:29.685--ServerSession(1045961511)--Thread(Thread[Test worker,5,main])--The alias name for the entity class [class com.athena.shared.entity.query.ArtQuery] is being defaulted to: ArtQuery.
[EL Config]: metadata: 2016-03-31 13:00:29.696--ServerSession(1045961511)--Thread(Thread[Test worker,5,main])--The alias name for the entity class [class com.app.shared.lexmauriscontext.userprofile.SignUp] is being defaulted to: SignUp.
[EL Config]: metadata: 2016-03-31 13:00:29.699--ServerSession(1045961511)--Thread(Thread[Test worker,5,main])--The alias name for the entity class [class com.app.shared.aaaboundedcontext.authentication.PasswordPolicy] is being defaulted to: PasswordPolicy.
[EL Config]: metadata: 2016-03-31 13:00:29.7--ServerSession(1045961511)--Thread(Thread[Test worker,5,main])--The alias name for the entity class [class com.app.shared.lexmauriscontext.legal.CaseRespondent] is being defaulted to: CaseRespondent.
[EL Config]: metadata: 2016-03-31 13:00:29.701--ServerSession(1045961511)--Thread(Thread[Test worker,5,main])--The alias name for the entity class [class com.app.shared.lexmauriscontext.legal.CaseRespondentAdv] is being defaulted to: CaseRespondentAdv.
[EL Config]: metadata: 2016-03-31 13:00:29.701--ServerSession(1045961511)--Thread(Thread[Test worker,5,main])--The alias name for the entity class [class com.app.shared.organizationboundedcontext.location.Language] is being defaulted to: Language.
[EL Config]: metadata: 2016-03-31 13:00:29.702--ServerSession(1045961511)--Thread(Thread[Test worker,5,main])--The alias name for the entity class [class com.app.shared.organizationboundedcontext.contacts.CommunicationData] is being defaulted to: CommunicationData.
[EL Config]: metadata: 2016-03-31 13:00:29.702--ServerSession(1045961511)--Thread(Thread[Test worker,5,main])--The alias name for the entity class [class com.app.shared.aaaboundedcontext.authorization.Roles] is being defaulted to: Roles.
[EL Config]: metadata: 2016-03-31 13:00:29.703--ServerSession(1045961511)--Thread(Thread[Test worker,5,main])--The alias name for the entity class [class com.app.shared.aaaboundedcontext.authentication.LoginSession] is being defaulted to: LoginSession.
[EL Config]: metadata: 2016-03-31 13:00:29.703--ServerSession(1045961511)--Thread(Thread[Test worker,5,main])--The alias name for the entity class [class com.athena.shared.entity.report.ArtChartTemplate] is being defaulted to: ArtChartTemplate.
[EL Config]: metadata: 2016-03-31 13:00:29.704--ServerSession(1045961511)--Thread(Thread[Test worker,5,main])--The alias name for the entity class [class com.spartan.sprinkler.entity.ArtLogConfig] is being defaulted to: ArtLogConfig.
[EL Config]: metadata: 2016-03-31 13:00:29.705--ServerSession(1045961511)--Thread(Thread[Test worker,5,main])--The alias name for the entity class [class com.app.shared.defaultcontext.defaultdomain.Student] is being defaulted to: Student.
[EL Config]: metadata: 2016-03-31 13:00:29.705--ServerSession(1045961511)--Thread(Thread[Test worker,5,main])--The alias name for the entity class [class com.app.shared.organizationboundedcontext.location.Country] is being defaulted to: Country.
[EL Config]: metadata: 2016-03-31 13:00:29.706--ServerSession(1045961511)--Thread(Thread[Test worker,5,main])--The alias name for the entity class [class com.spartan.healthmeter.entity.ArtHealthStatusConfiguration] is being defaulted to: ArtHealthStatusConfiguration.
[EL Config]: metadata: 2016-03-31 13:00:29.706--ServerSession(1045961511)--Thread(Thread[Test worker,5,main])--The alias name for the entity class [class com.spartan.sprinkler.entity.ArtLogModule] is being defaulted to: ArtLogModule.
[EL Config]: metadata: 2016-03-31 13:00:29.707--ServerSession(1045961511)--Thread(Thread[Test worker,5,main])--The alias name for the entity class [class com.app.shared.lexmauriscontext.legal.Statute] is being defaulted to: Statute.
[EL Config]: metadata: 2016-03-31 13:00:29.707--ServerSession(1045961511)--Thread(Thread[Test worker,5,main])--The alias name for the entity class [class com.spartan.sprinkler.entity.ArtAppAlarm] is being defaulted to: ArtAppAlarm.
[EL Config]: metadata: 2016-03-31 13:00:29.708--ServerSession(1045961511)--Thread(Thread[Test worker,5,main])--The alias name for the entity class [class com.app.shared.aaaboundedcontext.authentication.SessionData] is being defaulted to: SessionData.
[EL Config]: metadata: 2016-03-31 13:00:29.709--ServerSession(1045961511)--Thread(Thread[Test worker,5,main])--The alias name for the entity class [class com.app.shared.lexmauriscontext.legal.Forum] is being defaulted to: Forum.
[EL Config]: metadata: 2016-03-31 13:00:29.709--ServerSession(1045961511)--Thread(Thread[Test worker,5,main])--The alias name for the entity class [class com.app.shared.organizationboundedcontext.location.Timezone] is being defaulted to: Timezone.
[EL Config]: metadata: 2016-03-31 13:00:29.709--ServerSession(1045961511)--Thread(Thread[Test worker,5,main])--The alias name for the entity class [class com.athena.shared.entity.report.ArtChartCategory] is being defaulted to: ArtChartCategory.
[EL Config]: metadata: 2016-03-31 13:00:29.71--ServerSession(1045961511)--Thread(Thread[Test worker,5,main])--The alias name for the entity class [class com.athena.shared.entity.report.ArtChartJson] is being defaulted to: ArtChartJson.
[EL Config]: metadata: 2016-03-31 13:00:29.711--ServerSession(1045961511)--Thread(Thread[Test worker,5,main])--The alias name for the entity class [class com.app.shared.organizationboundedcontext.contacts.ContactType] is being defaulted to: ContactType.
[EL Config]: metadata: 2016-03-31 13:00:29.711--ServerSession(1045961511)--Thread(Thread[Test worker,5,main])--The alias name for the entity class [class com.spartan.sprinkler.entity.ArtLoggingProperties] is being defaulted to: ArtLoggingProperties.
[EL Config]: metadata: 2016-03-31 13:00:29.712--ServerSession(1045961511)--Thread(Thread[Test worker,5,main])--The alias name for the entity class [class com.app.shared.lexmauriscontext.userprofile.ProfileStatuteMap] is being defaulted to: ProfileStatuteMap.
[EL Config]: metadata: 2016-03-31 13:00:29.712--ServerSession(1045961511)--Thread(Thread[Test worker,5,main])--The alias name for the entity class [class com.spartan.healthmeter.entity.ZenHealthGauge] is being defaulted to: ZenHealthGauge.
[EL Config]: metadata: 2016-03-31 13:00:29.713--ServerSession(1045961511)--Thread(Thread[Test worker,5,main])--The alias name for the entity class [class com.athena.shared.entity.report.ArtChartProperties] is being defaulted to: ArtChartProperties.
[EL Config]: metadata: 2016-03-31 13:00:29.713--ServerSession(1045961511)--Thread(Thread[Test worker,5,main])--The alias name for the entity class [class com.athena.shared.entity.query.ArtUserLastStatus] is being defaulted to: ArtUserLastStatus.
[EL Config]: metadata: 2016-03-31 13:00:29.714--ServerSession(1045961511)--Thread(Thread[Test worker,5,main])--The alias name for the entity class [class com.app.shared.organizationboundedcontext.location.Address] is being defaulted to: Address.
[EL Config]: metadata: 2016-03-31 13:00:29.714--ServerSession(1045961511)--Thread(Thread[Test worker,5,main])--The alias name for the entity class [class com.app.shared.lexmauriscontext.userprofile.ProfileLitSubCategory] is being defaulted to: ProfileLitSubCategory.
[EL Config]: metadata: 2016-03-31 13:00:29.715--ServerSession(1045961511)--Thread(Thread[Test worker,5,main])--The alias name for the entity class [class com.app.shared.aaaboundedcontext.authentication.Login] is being defaulted to: Login.
[EL Config]: metadata: 2016-03-31 13:00:29.715--ServerSession(1045961511)--Thread(Thread[Test worker,5,main])--The alias name for the entity class [class com.app.shared.lexmauriscontext.legal.CaseInterveener] is being defaulted to: CaseInterveener.
[EL Config]: metadata: 2016-03-31 13:00:29.716--ServerSession(1045961511)--Thread(Thread[Test worker,5,main])--The alias name for the entity class [class com.app.shared.lexmauriscontext.userprofile.UserType] is being defaulted to: UserType.
[EL Config]: metadata: 2016-03-31 13:00:29.716--ServerSession(1045961511)--Thread(Thread[Test worker,5,main])--The alias name for the entity class [class com.app.shared.organizationboundedcontext.location.State] is being defaulted to: State.
[EL Config]: metadata: 2016-03-31 13:00:29.717--ServerSession(1045961511)--Thread(Thread[Test worker,5,main])--The alias name for the entity class [class com.spartan.healthmeter.entity.HealthSchedulerConfiguration] is being defaulted to: HealthSchedulerConfiguration.
[EL Config]: metadata: 2016-03-31 13:00:29.717--ServerSession(1045961511)--Thread(Thread[Test worker,5,main])--The alias name for the entity class [class com.spartan.healthmeter.entity.ZenSchedulerHealth] is being defaulted to: ZenSchedulerHealth.
[EL Config]: metadata: 2016-03-31 13:00:29.719--ServerSession(1045961511)--Thread(Thread[Test worker,5,main])--The alias name for the entity class [class com.athena.shared.entity.report.ArtChartType] is being defaulted to: ArtChartType.
[EL Config]: metadata: 2016-03-31 13:00:29.719--ServerSession(1045961511)--Thread(Thread[Test worker,5,main])--The alias name for the entity class [class com.app.shared.organizationboundedcontext.location.City] is being defaulted to: City.
[EL Config]: metadata: 2016-03-31 13:00:29.72--ServerSession(1045961511)--Thread(Thread[Test worker,5,main])--The alias name for the entity class [class com.app.shared.aaaboundedcontext.authentication.UserAccessLevel] is being defaulted to: UserAccessLevel.
[EL Config]: metadata: 2016-03-31 13:00:29.72--ServerSession(1045961511)--Thread(Thread[Test worker,5,main])--The alias name for the entity class [class com.spartan.shield.server.entity.AppSessionConfig] is being defaulted to: AppSessionConfig.
[EL Config]: metadata: 2016-03-31 13:00:29.721--ServerSession(1045961511)--Thread(Thread[Test worker,5,main])--The alias name for the entity class [class com.athena.shared.entity.report.ArtChartPropLanguage] is being defaulted to: ArtChartPropLanguage.
[EL Config]: metadata: 2016-03-31 13:00:29.721--ServerSession(1045961511)--Thread(Thread[Test worker,5,main])--The alias name for the entity class [class com.app.shared.lexmauriscontext.legal.LitigationSubCategory] is being defaulted to: LitigationSubCategory.
[EL Config]: metadata: 2016-03-31 13:00:29.722--ServerSession(1045961511)--Thread(Thread[Test worker,5,main])--The alias name for the entity class [class com.athena.shared.entity.report.ArtLangMaster] is being defaulted to: ArtLangMaster.
[EL Config]: metadata: 2016-03-31 13:00:29.722--ServerSession(1045961511)--Thread(Thread[Test worker,5,main])--The alias name for the entity class [class com.app.shared.aaaboundedcontext.authentication.UserData] is being defaulted to: UserData.
[EL Config]: metadata: 2016-03-31 13:00:29.723--ServerSession(1045961511)--Thread(Thread[Test worker,5,main])--The alias name for the entity class [class com.app.shared.aaaboundedcontext.authentication.PassRecovery] is being defaulted to: PassRecovery.
[EL Config]: metadata: 2016-03-31 13:00:29.723--ServerSession(1045961511)--Thread(Thread[Test worker,5,main])--The alias name for the entity class [class com.spartan.sprinkler.entity.ArtLogConnector] is being defaulted to: ArtLogConnector.
[EL Config]: metadata: 2016-03-31 13:00:29.724--ServerSession(1045961511)--Thread(Thread[Test worker,5,main])--The alias name for the entity class [class com.app.shared.organizationboundedcontext.contacts.CommunicationType] is being defaulted to: CommunicationType.
[EL Config]: metadata: 2016-03-31 13:00:29.724--ServerSession(1045961511)--Thread(Thread[Test worker,5,main])--The alias name for the entity class [class com.app.shared.lexmauriscontext.legal.CaseIntervener] is being defaulted to: CaseIntervener.
[EL Config]: metadata: 2016-03-31 13:00:29.725--ServerSession(1045961511)--Thread(Thread[Test worker,5,main])--The alias name for the entity class [class com.app.shared.aaaboundedcontext.authentication.PasswordAlgo] is being defaulted to: PasswordAlgo.
[EL Config]: metadata: 2016-03-31 13:00:29.725--ServerSession(1045961511)--Thread(Thread[Test worker,5,main])--The alias name for the entity class [class com.app.shared.lexmauriscontext.legal.CaseDetail] is being defaulted to: CaseDetail.
[EL Config]: metadata: 2016-03-31 13:00:29.725--ServerSession(1045961511)--Thread(Thread[Test worker,5,main])--The alias name for the entity class [class com.app.shared.organizationboundedcontext.contacts.Title] is being defaulted to: Title.
[EL Config]: metadata: 2016-03-31 13:00:29.726--ServerSession(1045961511)--Thread(Thread[Test worker,5,main])--The alias name for the entity class [class com.app.shared.aaaboundedcontext.authentication.Question] is being defaulted to: Question.
[EL Config]: metadata: 2016-03-31 13:00:29.726--ServerSession(1045961511)--Thread(Thread[Test worker,5,main])--The alias name for the entity class [class com.app.shared.lexmauriscontext.legal.CaseInformation] is being defaulted to: CaseInformation.
[EL Config]: metadata: 2016-03-31 13:00:29.727--ServerSession(1045961511)--Thread(Thread[Test worker,5,main])--The alias name for the entity class [class com.app.shared.aaaboundedcontext.authentication.User] is being defaulted to: User.
[EL Config]: metadata: 2016-03-31 13:00:29.728--ServerSession(1045961511)--Thread(Thread[Test worker,5,main])--The alias name for the entity class [class com.app.shared.lexmauriscontext.legal.LitigationCategory] is being defaulted to: LitigationCategory.
[EL Config]: metadata: 2016-03-31 13:00:29.729--ServerSession(1045961511)--Thread(Thread[Test worker,5,main])--The alias name for the entity class [class com.app.shared.lexmauriscontext.legal.JudgeRegistration] is being defaulted to: JudgeRegistration.
[EL Config]: metadata: 2016-03-31 13:00:29.73--ServerSession(1045961511)--Thread(Thread[Test worker,5,main])--The alias name for the entity class [class com.spartan.healthmeter.entity.ZenHealthStatus] is being defaulted to: ZenHealthStatus.
[EL Config]: metadata: 2016-03-31 13:00:29.73--ServerSession(1045961511)--Thread(Thread[Test worker,5,main])--The alias name for the entity class [class com.app.shared.lexmauriscontext.legal.AdvocateCategory] is being defaulted to: AdvocateCategory.
[EL Config]: metadata: 2016-03-31 13:00:29.731--ServerSession(1045961511)--Thread(Thread[Test worker,5,main])--The alias name for the entity class [class com.app.shared.lexmauriscontext.legal.DailyCaseTracker] is being defaulted to: DailyCaseTracker.
[EL Config]: metadata: 2016-03-31 13:00:29.731--ServerSession(1045961511)--Thread(Thread[Test worker,5,main])--The alias name for the entity class [class com.app.shared.aaaboundedcontext.authentication.UserAccessDomain] is being defaulted to: UserAccessDomain.
[EL Config]: metadata: 2016-03-31 13:00:29.732--ServerSession(1045961511)--Thread(Thread[Test worker,5,main])--The alias name for the entity class [class com.app.shared.aaaboundedcontext.authorization.AppMenus] is being defaulted to: AppMenus.
[EL Config]: metadata: 2016-03-31 13:00:29.733--ServerSession(1045961511)--Thread(Thread[Test worker,5,main])--The alias name for the entity class [class com.app.shared.lexmauriscontext.legal.CaseStatus] is being defaulted to: CaseStatus.
[EL Config]: metadata: 2016-03-31 13:00:29.733--ServerSession(1045961511)--Thread(Thread[Test worker,5,main])--The alias name for the entity class [class com.spartan.healthmeter.entity.ZenRequestDetails] is being defaulted to: ZenRequestDetails.
[EL Config]: metadata: 2016-03-31 13:00:29.734--ServerSession(1045961511)--Thread(Thread[Test worker,5,main])--The alias name for the entity class [class com.spartan.healthmeter.entity.ArtHealthSchedulerConfiguration] is being defaulted to: ArtHealthSchedulerConfiguration.
[EL Config]: metadata: 2016-03-31 13:00:29.735--ServerSession(1045961511)--Thread(Thread[Test worker,5,main])--The alias name for the entity class [class com.athena.shared.entity.report.ArtReportBuilderDetails] is being defaulted to: ArtReportBuilderDetails.
[EL Config]: metadata: 2016-03-31 13:00:29.737--ServerSession(1045961511)--Thread(Thread[Test worker,5,main])--The alias name for the entity class [class com.app.shared.aaaboundedcontext.authorization.RoleMenuBridge] is being defaulted to: RoleMenuBridge.
[EL Config]: metadata: 2016-03-31 13:00:29.737--ServerSession(1045961511)--Thread(Thread[Test worker,5,main])--The alias name for the entity class [class com.app.shared.organizationboundedcontext.contacts.CommunicationGroup] is being defaulted to: CommunicationGroup.
[EL Config]: metadata: 2016-03-31 13:00:29.738--ServerSession(1045961511)--Thread(Thread[Test worker,5,main])--The alias name for the entity class [class com.app.shared.organizationboundedcontext.location.AddressType] is being defaulted to: AddressType.
[EL Config]: metadata: 2016-03-31 13:00:29.738--ServerSession(1045961511)--Thread(Thread[Test worker,5,main])--The alias name for the entity class [class com.app.shared.lexmauriscontext.legal.CaseJudgeMap] is being defaulted to: CaseJudgeMap.
[EL Config]: metadata: 2016-03-31 13:00:29.739--ServerSession(1045961511)--Thread(Thread[Test worker,5,main])--The alias name for the entity class [class com.spartan.healthmeter.entity.ZenHealthCounter] is being defaulted to: ZenHealthCounter.
[EL Config]: metadata: 2016-03-31 13:00:29.739--ServerSession(1045961511)--Thread(Thread[Test worker,5,main])--The alias name for the entity class [class com.app.shared.lexmauriscontext.legal.CasePetitioners] is being defaulted to: CasePetitioners.
[EL Config]: metadata: 2016-03-31 13:00:29.74--ServerSession(1045961511)--Thread(Thread[Test worker,5,main])--The alias name for the entity class [class com.app.shared.organizationboundedcontext.contacts.Gender] is being defaulted to: Gender.
[EL Config]: metadata: 2016-03-31 13:00:29.74--ServerSession(1045961511)--Thread(Thread[Test worker,5,main])--The alias name for the entity class [class com.app.shared.lexmauriscontext.userprofile.ProfileForumMap] is being defaulted to: ProfileForumMap.
[EL Config]: metadata: 2016-03-31 13:00:29.741--ServerSession(1045961511)--Thread(Thread[Test worker,5,main])--The alias name for the entity class [class com.spartan.healthmeter.entity.ZenHealth] is being defaulted to: ZenHealth.
[EL Config]: metadata: 2016-03-31 13:00:29.742--ServerSession(1045961511)--Thread(Thread[Test worker,5,main])--The alias name for the entity class [class com.app.shared.organizationboundedcontext.contacts.CoreContacts] is being defaulted to: CoreContacts.
[EL Config]: metadata: 2016-03-31 13:00:29.743--ServerSession(1045961511)--Thread(Thread[Test worker,5,main])--The alias name for the entity class [class com.athena.shared.entity.report.ArtChartDataFieldJson] is being defaulted to: ArtChartDataFieldJson.
[EL Config]: metadata: 2016-03-31 13:00:29.743--ServerSession(1045961511)--Thread(Thread[Test worker,5,main])--The alias name for the entity class [class com.athena.shared.entity.report.ArtReportUI] is being defaulted to: ArtReportUI.
[EL Config]: metadata: 2016-03-31 13:00:29.744--ServerSession(1045961511)--Thread(Thread[Test worker,5,main])--The alias name for the entity class [class com.app.shared.lexmauriscontext.userprofile.UserOccupation] is being defaulted to: UserOccupation.
[EL Config]: metadata: 2016-03-31 13:00:29.744--ServerSession(1045961511)--Thread(Thread[Test worker,5,main])--The alias name for the entity class [class com.athena.server.bean.EntityBean] is being defaulted to: EntityBean.
[EL Config]: metadata: 2016-03-31 13:00:29.744--ServerSession(1045961511)--Thread(Thread[Test worker,5,main])--The table name for entity [class com.athena.server.bean.EntityBean] is being defaulted to: ENTITYBEAN.
[EL Config]: metadata: 2016-03-31 13:00:29.744--ServerSession(1045961511)--Thread(Thread[Test worker,5,main])--The column name for element [id] is being defaulted to: ID.
[EL Config]: metadata: 2016-03-31 13:00:29.745--ServerSession(1045961511)--Thread(Thread[Test worker,5,main])--The column name for element [name] is being defaulted to: NAME.
[EL Config]: metadata: 2016-03-31 13:00:29.745--ServerSession(1045961511)--Thread(Thread[Test worker,5,main])--The column name for element [fields] is being defaulted to: FIELDS.
[EL Config]: metadata: 2016-03-31 13:00:29.746--ServerSession(1045961511)--Thread(Thread[Test worker,5,main])--The alias name for the entity class [class com.app.shared.lexmauriscontext.legal.CaseType] is being defaulted to: CaseType.
[EL Config]: metadata: 2016-03-31 13:00:29.747--ServerSession(1045961511)--Thread(Thread[Test worker,5,main])--The alias name for the entity class [class com.spartan.sprinkler.entity.ArtLogSeverity] is being defaulted to: ArtLogSeverity.
[EL Config]: metadata: 2016-03-31 13:00:29.747--ServerSession(1045961511)--Thread(Thread[Test worker,5,main])--The alias name for the entity class [class com.app.shared.lexmauriscontext.legal.CasePetitionerAdv] is being defaulted to: CasePetitionerAdv.
[EL Config]: metadata: 2016-03-31 13:00:29.748--ServerSession(1045961511)--Thread(Thread[Test worker,5,main])--The alias name for the entity class [class com.spartan.sprinkler.entity.ArtLogConnectorAttributes] is being defaulted to: ArtLogConnectorAttributes.
[EL Config]: metadata: 2016-03-31 13:00:29.748--ServerSession(1045961511)--Thread(Thread[Test worker,5,main])--The alias name for the entity class [class com.app.shared.aaaboundedcontext.authorization.UserRoleBridge] is being defaulted to: UserRoleBridge.
[EL Info]: 2016-03-31 13:00:31.655--ServerSession(1045961511)--Thread(Thread[Test worker,5,main])--EclipseLink, version: Eclipse Persistence Services - 2.5.1.v20130918-f2b9fc5
[EL Fine]: connection: 2016-03-31 13:00:31.82--Thread(Thread[Test worker,5,main])--Detected database platform: org.eclipse.persistence.platform.database.MySQLPlatform
[EL Config]: connection: 2016-03-31 13:00:31.831--ServerSession(1045961511)--Connection(986098899)--Thread(Thread[Test worker,5,main])--connecting(DatabaseLogin(
	platform=>MySQLPlatform
	user name=> "algo"
	datasource URL=> "jdbc:mysql://localhost-MYSQL:3306/tesone"
))
[EL Config]: connection: 2016-03-31 13:00:31.837--ServerSession(1045961511)--Connection(505542728)--Thread(Thread[Test worker,5,main])--Connected: jdbc:mysql://localhost-MYSQL:3306/tesone
	User: algo@CL-GRADLE-NEWCASETRACK1-CAF9C064-623C-42CC-AA2B-1D0F47C01836
	Database: MySQL  Version: 5.7.7-rc
	Driver: MySQL Connector Java  Version: mysql-connector-java-5.1.31 ( Revision: alexander.soklakov@oracle.com-20140520065950-groqzzbvxprqdmnz )
[EL Config]: connection: 2016-03-31 13:00:31.838--ServerSession(1045961511)--Connection(1211321964)--Thread(Thread[Test worker,5,main])--connecting(DatabaseLogin(
	platform=>MySQLPlatform
	user name=> "algo"
	datasource URL=> "jdbc:mysql://localhost-MYSQL:3306/tesone"
))
[EL Config]: connection: 2016-03-31 13:00:31.844--ServerSession(1045961511)--Connection(809522088)--Thread(Thread[Test worker,5,main])--Connected: jdbc:mysql://localhost-MYSQL:3306/tesone
	User: algo@CL-GRADLE-NEWCASETRACK1-CAF9C064-623C-42CC-AA2B-1D0F47C01836
	Database: MySQL  Version: 5.7.7-rc
	Driver: MySQL Connector Java  Version: mysql-connector-java-5.1.31 ( Revision: alexander.soklakov@oracle.com-20140520065950-groqzzbvxprqdmnz )
[EL Config]: connection: 2016-03-31 13:00:31.845--ServerSession(1045961511)--Connection(1328829271)--Thread(Thread[Test worker,5,main])--connecting(DatabaseLogin(
	platform=>MySQLPlatform
	user name=> "algo"
	datasource URL=> "jdbc:mysql://localhost-MYSQL:3306/tesone"
))
[EL Config]: connection: 2016-03-31 13:00:31.85--ServerSession(1045961511)--Connection(1509888777)--Thread(Thread[Test worker,5,main])--Connected: jdbc:mysql://localhost-MYSQL:3306/tesone
	User: algo@CL-GRADLE-NEWCASETRACK1-CAF9C064-623C-42CC-AA2B-1D0F47C01836
	Database: MySQL  Version: 5.7.7-rc
	Driver: MySQL Connector Java  Version: mysql-connector-java-5.1.31 ( Revision: alexander.soklakov@oracle.com-20140520065950-groqzzbvxprqdmnz )
[EL Config]: connection: 2016-03-31 13:00:31.85--ServerSession(1045961511)--Connection(2033902087)--Thread(Thread[Test worker,5,main])--connecting(DatabaseLogin(
	platform=>MySQLPlatform
	user name=> "algo"
	datasource URL=> "jdbc:mysql://localhost-MYSQL:3306/tesone"
))
[EL Config]: connection: 2016-03-31 13:00:31.856--ServerSession(1045961511)--Connection(216374807)--Thread(Thread[Test worker,5,main])--Connected: jdbc:mysql://localhost-MYSQL:3306/tesone
	User: algo@CL-GRADLE-NEWCASETRACK1-CAF9C064-623C-42CC-AA2B-1D0F47C01836
	Database: MySQL  Version: 5.7.7-rc
	Driver: MySQL Connector Java  Version: mysql-connector-java-5.1.31 ( Revision: alexander.soklakov@oracle.com-20140520065950-groqzzbvxprqdmnz )
[EL Config]: connection: 2016-03-31 13:00:31.856--ServerSession(1045961511)--Connection(921566878)--Thread(Thread[Test worker,5,main])--connecting(DatabaseLogin(
	platform=>MySQLPlatform
	user name=> "algo"
	datasource URL=> "jdbc:mysql://localhost-MYSQL:3306/tesone"
))
[EL Config]: connection: 2016-03-31 13:00:31.862--ServerSession(1045961511)--Connection(196477912)--Thread(Thread[Test worker,5,main])--Connected: jdbc:mysql://localhost-MYSQL:3306/tesone
	User: algo@CL-GRADLE-NEWCASETRACK1-CAF9C064-623C-42CC-AA2B-1D0F47C01836
	Database: MySQL  Version: 5.7.7-rc
	Driver: MySQL Connector Java  Version: mysql-connector-java-5.1.31 ( Revision: alexander.soklakov@oracle.com-20140520065950-groqzzbvxprqdmnz )
[EL Config]: connection: 2016-03-31 13:00:31.862--ServerSession(1045961511)--Connection(1521901545)--Thread(Thread[Test worker,5,main])--connecting(DatabaseLogin(
	platform=>MySQLPlatform
	user name=> "algo"
	datasource URL=> "jdbc:mysql://localhost-MYSQL:3306/tesone"
))
[EL Config]: connection: 2016-03-31 13:00:31.868--ServerSession(1045961511)--Connection(216377202)--Thread(Thread[Test worker,5,main])--Connected: jdbc:mysql://localhost-MYSQL:3306/tesone
	User: algo@CL-GRADLE-NEWCASETRACK1-CAF9C064-623C-42CC-AA2B-1D0F47C01836
	Database: MySQL  Version: 5.7.7-rc
	Driver: MySQL Connector Java  Version: mysql-connector-java-5.1.31 ( Revision: alexander.soklakov@oracle.com-20140520065950-groqzzbvxprqdmnz )
[EL Config]: connection: 2016-03-31 13:00:31.868--ServerSession(1045961511)--Connection(961819643)--Thread(Thread[Test worker,5,main])--connecting(DatabaseLogin(
	platform=>MySQLPlatform
	user name=> "algo"
	datasource URL=> "jdbc:mysql://localhost-MYSQL:3306/tesone"
))
[EL Config]: connection: 2016-03-31 13:00:31.873--ServerSession(1045961511)--Connection(2088404347)--Thread(Thread[Test worker,5,main])--Connected: jdbc:mysql://localhost-MYSQL:3306/tesone
	User: algo@CL-GRADLE-NEWCASETRACK1-CAF9C064-623C-42CC-AA2B-1D0F47C01836
	Database: MySQL  Version: 5.7.7-rc
	Driver: MySQL Connector Java  Version: mysql-connector-java-5.1.31 ( Revision: alexander.soklakov@oracle.com-20140520065950-groqzzbvxprqdmnz )
[EL Config]: connection: 2016-03-31 13:00:31.874--ServerSession(1045961511)--Connection(1339133461)--Thread(Thread[Test worker,5,main])--connecting(DatabaseLogin(
	platform=>MySQLPlatform
	user name=> "algo"
	datasource URL=> "jdbc:mysql://localhost-MYSQL:3306/tesone"
))
[EL Config]: connection: 2016-03-31 13:00:31.879--ServerSession(1045961511)--Connection(1166441932)--Thread(Thread[Test worker,5,main])--Connected: jdbc:mysql://localhost-MYSQL:3306/tesone
	User: algo@CL-GRADLE-NEWCASETRACK1-CAF9C064-623C-42CC-AA2B-1D0F47C01836
	Database: MySQL  Version: 5.7.7-rc
	Driver: MySQL Connector Java  Version: mysql-connector-java-5.1.31 ( Revision: alexander.soklakov@oracle.com-20140520065950-groqzzbvxprqdmnz )
[EL Config]: connection: 2016-03-31 13:00:31.879--ServerSession(1045961511)--Connection(11337661)--Thread(Thread[Test worker,5,main])--connecting(DatabaseLogin(
	platform=>MySQLPlatform
	user name=> "algo"
	datasource URL=> "jdbc:mysql://localhost-MYSQL:3306/tesone"
))
[EL Config]: connection: 2016-03-31 13:00:31.885--ServerSession(1045961511)--Connection(707994632)--Thread(Thread[Test worker,5,main])--Connected: jdbc:mysql://localhost-MYSQL:3306/tesone
	User: algo@CL-GRADLE-NEWCASETRACK1-CAF9C064-623C-42CC-AA2B-1D0F47C01836
	Database: MySQL  Version: 5.7.7-rc
	Driver: MySQL Connector Java  Version: mysql-connector-java-5.1.31 ( Revision: alexander.soklakov@oracle.com-20140520065950-groqzzbvxprqdmnz )
[EL Config]: connection: 2016-03-31 13:00:31.885--ServerSession(1045961511)--Connection(58891997)--Thread(Thread[Test worker,5,main])--connecting(DatabaseLogin(
	platform=>MySQLPlatform
	user name=> "algo"
	datasource URL=> "jdbc:mysql://localhost-MYSQL:3306/tesone"
))
[EL Config]: connection: 2016-03-31 13:00:31.891--ServerSession(1045961511)--Connection(1175480488)--Thread(Thread[Test worker,5,main])--Connected: jdbc:mysql://localhost-MYSQL:3306/tesone
	User: algo@CL-GRADLE-NEWCASETRACK1-CAF9C064-623C-42CC-AA2B-1D0F47C01836
	Database: MySQL  Version: 5.7.7-rc
	Driver: MySQL Connector Java  Version: mysql-connector-java-5.1.31 ( Revision: alexander.soklakov@oracle.com-20140520065950-groqzzbvxprqdmnz )
[EL Config]: connection: 2016-03-31 13:00:31.891--ServerSession(1045961511)--Connection(1598493063)--Thread(Thread[Test worker,5,main])--connecting(DatabaseLogin(
	platform=>MySQLPlatform
	user name=> "algo"
	datasource URL=> "jdbc:mysql://localhost-MYSQL:3306/tesone"
))
[EL Config]: connection: 2016-03-31 13:00:31.896--ServerSession(1045961511)--Connection(423111339)--Thread(Thread[Test worker,5,main])--Connected: jdbc:mysql://localhost-MYSQL:3306/tesone
	User: algo@CL-GRADLE-NEWCASETRACK1-CAF9C064-623C-42CC-AA2B-1D0F47C01836
	Database: MySQL  Version: 5.7.7-rc
	Driver: MySQL Connector Java  Version: mysql-connector-java-5.1.31 ( Revision: alexander.soklakov@oracle.com-20140520065950-groqzzbvxprqdmnz )
[EL Config]: connection: 2016-03-31 13:00:31.897--ServerSession(1045961511)--Connection(913919356)--Thread(Thread[Test worker,5,main])--connecting(DatabaseLogin(
	platform=>MySQLPlatform
	user name=> "algo"
	datasource URL=> "jdbc:mysql://localhost-MYSQL:3306/tesone"
))
[EL Config]: connection: 2016-03-31 13:00:31.902--ServerSession(1045961511)--Connection(1103009450)--Thread(Thread[Test worker,5,main])--Connected: jdbc:mysql://localhost-MYSQL:3306/tesone
	User: algo@CL-GRADLE-NEWCASETRACK1-CAF9C064-623C-42CC-AA2B-1D0F47C01836
	Database: MySQL  Version: 5.7.7-rc
	Driver: MySQL Connector Java  Version: mysql-connector-java-5.1.31 ( Revision: alexander.soklakov@oracle.com-20140520065950-groqzzbvxprqdmnz )
[EL Config]: connection: 2016-03-31 13:00:31.902--ServerSession(1045961511)--Connection(1200985246)--Thread(Thread[Test worker,5,main])--connecting(DatabaseLogin(
	platform=>MySQLPlatform
	user name=> "algo"
	datasource URL=> "jdbc:mysql://localhost-MYSQL:3306/tesone"
))
[EL Config]: connection: 2016-03-31 13:00:31.907--ServerSession(1045961511)--Connection(1469296403)--Thread(Thread[Test worker,5,main])--Connected: jdbc:mysql://localhost-MYSQL:3306/tesone
	User: algo@CL-GRADLE-NEWCASETRACK1-CAF9C064-623C-42CC-AA2B-1D0F47C01836
	Database: MySQL  Version: 5.7.7-rc
	Driver: MySQL Connector Java  Version: mysql-connector-java-5.1.31 ( Revision: alexander.soklakov@oracle.com-20140520065950-groqzzbvxprqdmnz )
[EL Config]: connection: 2016-03-31 13:00:31.907--ServerSession(1045961511)--Connection(550188368)--Thread(Thread[Test worker,5,main])--connecting(DatabaseLogin(
	platform=>MySQLPlatform
	user name=> "algo"
	datasource URL=> "jdbc:mysql://localhost-MYSQL:3306/tesone"
))
[EL Config]: connection: 2016-03-31 13:00:31.912--ServerSession(1045961511)--Connection(1880486848)--Thread(Thread[Test worker,5,main])--Connected: jdbc:mysql://localhost-MYSQL:3306/tesone
	User: algo@CL-GRADLE-NEWCASETRACK1-CAF9C064-623C-42CC-AA2B-1D0F47C01836
	Database: MySQL  Version: 5.7.7-rc
	Driver: MySQL Connector Java  Version: mysql-connector-java-5.1.31 ( Revision: alexander.soklakov@oracle.com-20140520065950-groqzzbvxprqdmnz )
[EL Config]: connection: 2016-03-31 13:00:31.913--ServerSession(1045961511)--Connection(825621437)--Thread(Thread[Test worker,5,main])--connecting(DatabaseLogin(
	platform=>MySQLPlatform
	user name=> "algo"
	datasource URL=> "jdbc:mysql://localhost-MYSQL:3306/tesone"
))
[EL Config]: connection: 2016-03-31 13:00:31.919--ServerSession(1045961511)--Connection(1580030273)--Thread(Thread[Test worker,5,main])--Connected: jdbc:mysql://localhost-MYSQL:3306/tesone
	User: algo@CL-GRADLE-NEWCASETRACK1-CAF9C064-623C-42CC-AA2B-1D0F47C01836
	Database: MySQL  Version: 5.7.7-rc
	Driver: MySQL Connector Java  Version: mysql-connector-java-5.1.31 ( Revision: alexander.soklakov@oracle.com-20140520065950-groqzzbvxprqdmnz )
[EL Config]: connection: 2016-03-31 13:00:31.919--ServerSession(1045961511)--Connection(1580030273)--Thread(Thread[Test worker,5,main])--disconnect
[EL Warning]: metadata: 2016-03-31 13:00:31.93--ServerSession(1045961511)--Thread(Thread[Test worker,5,main])--Reverting the lazy setting on the OneToOne or ManyToOne attribute [user] for the entity class [class com.app.shared.aaaboundedcontext.authentication.PassRecovery] since weaving was not enabled or did not occur.
[EL Warning]: metadata: 2016-03-31 13:00:31.931--ServerSession(1045961511)--Thread(Thread[Test worker,5,main])--Reverting the lazy setting on the OneToOne or ManyToOne attribute [timezone] for the entity class [class com.app.shared.organizationboundedcontext.contacts.CoreContacts] since weaving was not enabled or did not occur.
[EL Warning]: metadata: 2016-03-31 13:00:31.937--ServerSession(1045961511)--Thread(Thread[Test worker,5,main])--Reverting the lazy setting on the OneToOne or ManyToOne attribute [user] for the entity class [class com.app.shared.aaaboundedcontext.authentication.UserData] since weaving was not enabled or did not occur.
[EL Warning]: metadata: 2016-03-31 13:00:31.938--ServerSession(1045961511)--Thread(Thread[Test worker,5,main])--Reverting the lazy setting on the OneToOne or ManyToOne attribute [coreContacts] for the entity class [class com.app.shared.aaaboundedcontext.authentication.Login] since weaving was not enabled or did not occur.
[EL Warning]: metadata: 2016-03-31 13:00:31.939--ServerSession(1045961511)--Thread(Thread[Test worker,5,main])--Reverting the lazy setting on the OneToOne or ManyToOne attribute [user] for the entity class [class com.app.shared.aaaboundedcontext.authentication.Login] since weaving was not enabled or did not occur.
[EL Info]: connection: 2016-03-31 13:00:32.179--ServerSession(1045961511)--Thread(Thread[Test worker,5,main])--file:/home/applifire/workspace/newcasetrack1/build/resources/main_newcasetrack1 login successful
[EL Fine]: sql: 2016-03-31 13:00:42.681--ClientSession(486988437)--Connection(1880486848)--Thread(Thread[Test worker,5,main])--SELECT query_id, active_status, app_creator_id, created_by, created_date, hidden_name, jpql_query, name, project_id, project_version_id, query_json, query_type, sql_query, updated_by, updated_date, user_access, version_id FROM art_query WHERE ((active_status = ?) AND (sql_query IS NULL))
	bind => [true]
[EL Config]: connection: 2016-03-31 13:00:42.702--ServerSession(1045961511)--Connection(1880486848)--Thread(Thread[Test worker,5,main])--disconnect
[EL Fine]: sql: 2016-03-31 13:00:42.722--ClientSession(1966954427)--Connection(1469296403)--Thread(Thread[Test worker,5,main])--SELECT query_id, active_status, app_creator_id, created_by, created_date, hidden_name, jpql_query, name, project_id, project_version_id, query_json, query_type, sql_query, updated_by, updated_date, user_access, version_id FROM art_query WHERE (query_id = ?)
	bind => [138EEEA7-3D94-4B9F-BE47-CFAFC4A8E0B2]
[EL Fine]: sql: 2016-03-31 13:00:42.725--ClientSession(1966954427)--Connection(1469296403)--Thread(Thread[Test worker,5,main])--UPDATE art_query SET sql_query = ? WHERE (query_id = ?)
	bind => [SELECT healthId, scheduledDateTime, serverInstanceId, serverIpAddress, ROUND((? - ((usedSpace / totalSpace) * ?))), ROUND(((usedSpace / totalSpace) * ?)), ROUND(((totalSpace / ?) / ?)), status FROM zen_health_status ORDER BY scheduledDateTime DESC, 138EEEA7-3D94-4B9F-BE47-CFAFC4A8E0B2]
[EL Config]: connection: 2016-03-31 13:00:42.729--ServerSession(1045961511)--Connection(1469296403)--Thread(Thread[Test worker,5,main])--disconnect
[EL Fine]: sql: 2016-03-31 13:00:42.732--ClientSession(1439226786)--Connection(1103009450)--Thread(Thread[Test worker,5,main])--SELECT query_id, active_status, app_creator_id, created_by, created_date, hidden_name, jpql_query, name, project_id, project_version_id, query_json, query_type, sql_query, updated_by, updated_date, user_access, version_id FROM art_query WHERE (query_id = ?)
	bind => [143E8D99-09BF-46B5-8ABF-F8820BCD0A6D]
[EL Fine]: sql: 2016-03-31 13:00:42.733--ClientSession(1439226786)--Connection(1103009450)--Thread(Thread[Test worker,5,main])--UPDATE art_query SET sql_query = ? WHERE (query_id = ?)
	bind => [SELECT dataId, appSessionId, booleanValue, customerId, dataType, dateTimeValue, jsonValue, numberValue, sessionKey, stringValue, userId, versionId, createdBy, createdDate, updatedBy, updatedDate, activeStatus, txnAccessCode FROM ast_SessionData_T WHERE ((activeStatus = ?) AND (appSessionId = ?)), 143E8D99-09BF-46B5-8ABF-F8820BCD0A6D]
[EL Config]: connection: 2016-03-31 13:00:42.736--ServerSession(1045961511)--Connection(1103009450)--Thread(Thread[Test worker,5,main])--disconnect
[EL Fine]: sql: 2016-03-31 13:00:42.738--ClientSession(34901221)--Connection(423111339)--Thread(Thread[Test worker,5,main])--SELECT query_id, active_status, app_creator_id, created_by, created_date, hidden_name, jpql_query, name, project_id, project_version_id, query_json, query_type, sql_query, updated_by, updated_date, user_access, version_id FROM art_query WHERE (query_id = ?)
	bind => [3D3708CB-0F17-4836-94F3-07E6DFB41168]
[EL Fine]: sql: 2016-03-31 13:00:42.74--ClientSession(34901221)--Connection(423111339)--Thread(Thread[Test worker,5,main])--UPDATE art_query SET sql_query = ? WHERE (query_id = ?)
	bind => [SELECT dataId, appSessionId, booleanValue, customerId, dataType, dateTimeValue, jsonValue, numberValue, sessionKey, stringValue, userId, versionId, createdBy, createdDate, updatedBy, updatedDate, activeStatus, txnAccessCode FROM ast_SessionData_T WHERE (((activeStatus = ?) AND (appSessionId = ?)) AND (sessionKey = ?)), 3D3708CB-0F17-4836-94F3-07E6DFB41168]
[EL Config]: connection: 2016-03-31 13:00:42.742--ServerSession(1045961511)--Connection(423111339)--Thread(Thread[Test worker,5,main])--disconnect
[EL Fine]: sql: 2016-03-31 13:00:42.743--ClientSession(1100636109)--Connection(1175480488)--Thread(Thread[Test worker,5,main])--SELECT query_id, active_status, app_creator_id, created_by, created_date, hidden_name, jpql_query, name, project_id, project_version_id, query_json, query_type, sql_query, updated_by, updated_date, user_access, version_id FROM art_query WHERE (query_id = ?)
	bind => [479FAC1E-38A3-4B0E-9DDB-AF4C90C8FE45]
[EL Fine]: sql: 2016-03-31 13:00:42.745--ClientSession(1100636109)--Connection(1175480488)--Thread(Thread[Test worker,5,main])--UPDATE art_query SET sql_query = ? WHERE (query_id = ?)
	bind => [SELECT dataId, appSessionId, booleanValue, customerId, dataType, dateTimeValue, jsonValue, numberValue, sessionKey, stringValue, userId, versionId, createdBy, createdDate, updatedBy, updatedDate, activeStatus, txnAccessCode FROM ast_SessionData_T WHERE ((activeStatus = ?) AND (appSessionId = ?)), 479FAC1E-38A3-4B0E-9DDB-AF4C90C8FE45]
[EL Config]: connection: 2016-03-31 13:00:42.748--ServerSession(1045961511)--Connection(1175480488)--Thread(Thread[Test worker,5,main])--disconnect
[EL Fine]: sql: 2016-03-31 13:00:42.749--ClientSession(210999737)--Connection(707994632)--Thread(Thread[Test worker,5,main])--SELECT query_id, active_status, app_creator_id, created_by, created_date, hidden_name, jpql_query, name, project_id, project_version_id, query_json, query_type, sql_query, updated_by, updated_date, user_access, version_id FROM art_query WHERE (query_id = ?)
	bind => [7DE7C707-FA71-4488-91B8-F52377F6D307]
[EL Fine]: sql: 2016-03-31 13:00:42.751--ClientSession(210999737)--Connection(707994632)--Thread(Thread[Test worker,5,main])--UPDATE art_query SET sql_query = ? WHERE (query_id = ?)
	bind => [SELECT dataId, appSessionId, booleanValue, customerId, dataType, dateTimeValue, jsonValue, numberValue, sessionKey, stringValue, userId, versionId, createdBy, createdDate, updatedBy, updatedDate, activeStatus, txnAccessCode FROM ast_SessionData_T WHERE ((activeStatus = ?) AND (appSessionId = ?)), 7DE7C707-FA71-4488-91B8-F52377F6D307]
[EL Config]: connection: 2016-03-31 13:00:42.754--ServerSession(1045961511)--Connection(707994632)--Thread(Thread[Test worker,5,main])--disconnect
[EL Fine]: sql: 2016-03-31 13:00:42.755--ClientSession(1541452514)--Connection(1166441932)--Thread(Thread[Test worker,5,main])--SELECT query_id, active_status, app_creator_id, created_by, created_date, hidden_name, jpql_query, name, project_id, project_version_id, query_json, query_type, sql_query, updated_by, updated_date, user_access, version_id FROM art_query WHERE (query_id = ?)
	bind => [83D34F83-D92E-4EED-AA61-7DFB8A1571E8]
[EL Fine]: sql: 2016-03-31 13:00:42.757--ClientSession(1541452514)--Connection(1166441932)--Thread(Thread[Test worker,5,main])--UPDATE art_query SET sql_query = ? WHERE (query_id = ?)
	bind => [SELECT dataId, appSessionId, booleanValue, customerId, dataType, dateTimeValue, jsonValue, numberValue, sessionKey, stringValue, userId, versionId, createdBy, createdDate, updatedBy, updatedDate, activeStatus, txnAccessCode FROM ast_SessionData_T WHERE (((activeStatus = ?) AND (appSessionId = ?)) AND (sessionKey = ?)), 83D34F83-D92E-4EED-AA61-7DFB8A1571E8]
[EL Config]: connection: 2016-03-31 13:00:42.759--ServerSession(1045961511)--Connection(1166441932)--Thread(Thread[Test worker,5,main])--disconnect
[EL Fine]: sql: 2016-03-31 13:00:42.767--ClientSession(1674900697)--Connection(2088404347)--Thread(Thread[Test worker,5,main])--SELECT query_id, active_status, app_creator_id, created_by, created_date, hidden_name, jpql_query, name, project_id, project_version_id, query_json, query_type, sql_query, updated_by, updated_date, user_access, version_id FROM art_query WHERE (query_id = ?)
	bind => [8B318929-9B57-48AB-914F-4D989E420063]
[EL Fine]: sql: 2016-03-31 13:00:42.769--ClientSession(1674900697)--Connection(2088404347)--Thread(Thread[Test worker,5,main])--UPDATE art_query SET sql_query = ? WHERE (query_id = ?)
	bind => [SELECT CONCAT(CONCAT(CONCAT(CONCAT(CONCAT(CONCAT(t0.firstName, ?), t2.ipAddress), ?), t2.requestId), ?), t2.appSessionId), t2.requestId, t2.className, t2.requestTime, t2.requestMethod, t2.httpStatus, t2.returnStatus, t2.executionTime, t2.methodName, t2.startTime, t2.endTime, t2.typeofClass, t2.callSeqId, t2.exceptionId, t2.userId, t2.appSessionId FROM ast_User_T t3, zen_request_details t2, ast_Login_T t1, ast_CoreContacts_T t0 WHERE ((((t3.userId = t2.userId) AND (t2.requestTime >= ?)) AND (t2.requestTime <= ?)) AND ((t3.userId = t1.userId) AND (t0.contactId = t1.contactId))) ORDER BY t2.requestTime DESC, t2.requestId, t2.callSeqId ASC, 8B318929-9B57-48AB-914F-4D989E420063]
[EL Config]: connection: 2016-03-31 13:00:42.809--ServerSession(1045961511)--Connection(2088404347)--Thread(Thread[Test worker,5,main])--disconnect
[EL Fine]: sql: 2016-03-31 13:00:42.811--ClientSession(784077590)--Connection(216377202)--Thread(Thread[Test worker,5,main])--SELECT query_id, active_status, app_creator_id, created_by, created_date, hidden_name, jpql_query, name, project_id, project_version_id, query_json, query_type, sql_query, updated_by, updated_date, user_access, version_id FROM art_query WHERE (query_id = ?)
	bind => [8F3D52C0-522D-4E38-94FB-FFE8EA13DBB1]
[EL Fine]: sql: 2016-03-31 13:00:42.813--ClientSession(784077590)--Connection(216377202)--Thread(Thread[Test worker,5,main])--UPDATE art_query SET sql_query = ? WHERE (query_id = ?)
	bind => [DELETE FROM ast_SessionData_T WHERE ((activeStatus = ?) AND (appSessionId = ?)), 8F3D52C0-522D-4E38-94FB-FFE8EA13DBB1]
[EL Fine]: sql: 2016-03-31 13:00:42.825--ClientSession(58012745)--Connection(216377202)--Thread(Thread[Test worker,5,main])--SELECT query_id, active_status, app_creator_id, created_by, created_date, hidden_name, jpql_query, name, project_id, project_version_id, query_json, query_type, sql_query, updated_by, updated_date, user_access, version_id FROM art_query WHERE (query_id = ?)
	bind => [9756BE28-9F67-468C-BC32-E9449B144308]
[EL Fine]: sql: 2016-03-31 13:00:42.826--ClientSession(58012745)--Connection(216377202)--Thread(Thread[Test worker,5,main])--UPDATE art_query SET sql_query = ? WHERE (query_id = ?)
	bind => [SELECT monitorId, scheduledDateTime, serverInstanceId, serverIpAddress, totalClass, classLoaded, classUnloaded, gcCollectionTime, gcMemoryName, ((nonHeapCommitted / ?) / ?), ((nonHeapUsed / ?) / ?), ((heapCommitted / ?) / ?), ((maxMemory / ?) / ?), (? - ((usedMemory / totalMemory) * ?)), ((heapUsed / ?) / ?), ((totalMemory / ?) / ?), startTime, upTime, cpuTime, ((freePhysicalSize / ?) / ?), ((totalPhysicalMemorySize / ?) / ?), cpuLoadTime, ROUND(((freeSwapSize / ?) / ?)), systemLoadAverage, ROUND(((totalSwapSize / ?) / ?)), availableProcessor, totalThread, threadPeakCount, threadStartedCount, threadDaemonCount, threadCpuTime, threadUserTime, cpuLoad, ((usedMemory / totalMemory) * ?), ((usedSwapSize / ?) / ?), ((usedPhysicalMemory / ?) / ?) FROM zen_health ORDER BY scheduledDateTime DESC, 9756BE28-9F67-468C-BC32-E9449B144308]
[EL Fine]: sql: 2016-03-31 13:00:42.831--ClientSession(1522950275)--Connection(216377202)--Thread(Thread[Test worker,5,main])--SELECT query_id, active_status, app_creator_id, created_by, created_date, hidden_name, jpql_query, name, project_id, project_version_id, query_json, query_type, sql_query, updated_by, updated_date, user_access, version_id FROM art_query WHERE (query_id = ?)
	bind => [9792C6D0-5592-495E-8131-431FCD964A9E]
[EL Fine]: sql: 2016-03-31 13:00:42.832--ClientSession(1522950275)--Connection(216377202)--Thread(Thread[Test worker,5,main])--UPDATE art_query SET sql_query = ? WHERE (query_id = ?)
	bind => [DELETE FROM ast_SessionData_T WHERE ((activeStatus = ?) AND (appSessionId = ?)), 9792C6D0-5592-495E-8131-431FCD964A9E]
[EL Fine]: sql: 2016-03-31 13:00:42.838--ClientSession(1308161112)--Connection(216377202)--Thread(Thread[Test worker,5,main])--SELECT query_id, active_status, app_creator_id, created_by, created_date, hidden_name, jpql_query, name, project_id, project_version_id, query_json, query_type, sql_query, updated_by, updated_date, user_access, version_id FROM art_query WHERE (query_id = ?)
	bind => [ACA391C6-025C-4387-B93C-B9060BFE7FFE]
[EL Fine]: sql: 2016-03-31 13:00:42.839--ClientSession(1308161112)--Connection(216377202)--Thread(Thread[Test worker,5,main])--UPDATE art_query SET sql_query = ? WHERE (query_id = ?)
	bind => [SELECT t0.loginPk, t0.failedLoginAttempts, t0.loginId, t0.serverAuthImage, t0.serverAuthText, t0.versionId, t0.createdBy, t0.createdDate, t0.updatedBy, t0.updatedDate, t0.activeStatus, t0.txnAccessCode, t0.contactId, t0.userId FROM ast_Login_T t0, ast_User_T t1 WHERE (((t0.activeStatus = ?) AND t1.userId NOT IN (SELECT t2.userId FROM ast_UserRoleBridge_T t2)) AND (t1.userId = t0.userId)), ACA391C6-025C-4387-B93C-B9060BFE7FFE]
[EL Fine]: sql: 2016-03-31 13:00:42.843--ClientSession(1967149302)--Connection(216377202)--Thread(Thread[Test worker,5,main])--SELECT query_id, active_status, app_creator_id, created_by, created_date, hidden_name, jpql_query, name, project_id, project_version_id, query_json, query_type, sql_query, updated_by, updated_date, user_access, version_id FROM art_query WHERE (query_id = ?)
	bind => [C39E10BF-F383-4113-8CC3-176853679F71]
[EL Fine]: sql: 2016-03-31 13:00:42.845--ClientSession(1967149302)--Connection(216377202)--Thread(Thread[Test worker,5,main])--UPDATE art_query SET sql_query = ? WHERE (query_id = ?)
	bind => [SELECT dataId, appSessionId, booleanValue, customerId, dataType, dateTimeValue, jsonValue, numberValue, sessionKey, stringValue, userId, versionId, createdBy, createdDate, updatedBy, updatedDate, activeStatus, txnAccessCode FROM ast_SessionData_T WHERE (((activeStatus = ?) AND (appSessionId = ?)) AND (sessionKey = ?)), C39E10BF-F383-4113-8CC3-176853679F71]
[EL Fine]: sql: 2016-03-31 13:00:42.848--ClientSession(2018508465)--Connection(216377202)--Thread(Thread[Test worker,5,main])--SELECT query_id, active_status, app_creator_id, created_by, created_date, hidden_name, jpql_query, name, project_id, project_version_id, query_json, query_type, sql_query, updated_by, updated_date, user_access, version_id FROM art_query WHERE (query_id = ?)
	bind => [F731795B-DD33-4452-AFBD-3FDF955961CA]
[EL Fine]: sql: 2016-03-31 13:00:42.85--ClientSession(2018508465)--Connection(216377202)--Thread(Thread[Test worker,5,main])--UPDATE art_query SET sql_query = ? WHERE (query_id = ?)
	bind => [DELETE FROM ast_SessionData_T WHERE ((activeStatus = ?) AND (appSessionId = ?)), F731795B-DD33-4452-AFBD-3FDF955961CA]
[EL Fine]: sql: 2016-03-31 13:00:42.855--ClientSession(991830364)--Connection(216377202)--Thread(Thread[Test worker,5,main])--SELECT query_id, active_status, app_creator_id, created_by, created_date, hidden_name, jpql_query, name, project_id, project_version_id, query_json, query_type, sql_query, updated_by, updated_date, user_access, version_id FROM art_query WHERE (query_id = ?)
	bind => [FE8A01A6-AE63-41C0-BFE1-D34EE9EA2F98]
[EL Fine]: sql: 2016-03-31 13:00:42.857--ClientSession(991830364)--Connection(216377202)--Thread(Thread[Test worker,5,main])--UPDATE art_query SET sql_query = ? WHERE (query_id = ?)
	bind => [SELECT t0.loginPk, t0.failedLoginAttempts, t0.loginId, t0.serverAuthImage, t0.serverAuthText, t0.versionId, t0.createdBy, t0.createdDate, t0.updatedBy, t0.updatedDate, t0.activeStatus, t0.txnAccessCode, t0.contactId, t0.userId FROM ast_Login_T t0, ast_User_T t1 WHERE (((t0.activeStatus = ?) AND t1.userId IN (SELECT t2.userId FROM ast_UserRoleBridge_T t2)) AND (t1.userId = t0.userId)), FE8A01A6-AE63-41C0-BFE1-D34EE9EA2F98]
Setting logged in user info for ADD
[EL Fine]: sql: 2016-03-31 13:00:49.598--ClientSession(187540269)--Connection(216377202)--Thread(Thread[Test worker,5,main])--INSERT INTO ast_Student_M (studId, studName, versionId, createdBy, createdDate, updatedBy, updatedDate, activeStatus, txnAccessCode) VALUES (?, ?, ?, ?, ?, ?, ?, ?, ?)
	bind => [68D12983-4FD3-432E-8DB7-C8637D55903E, xp54BODdiEZ6s5vs0QuXYXxBKq3UGQyRMdjpwVxDX9CduiLdCr, 1, AAAAA, 2016-03-31 13:00:49.578, null, 2016-03-31 13:00:49.578, 1, 51000]
[EL Fine]: sql: 2016-03-31 13:00:49.611--ClientSession(1543660036)--Connection(216377202)--Thread(Thread[Test worker,5,main])--SELECT studId, studName, versionId, createdBy, createdDate, updatedBy, updatedDate, activeStatus, txnAccessCode FROM ast_Student_M WHERE ((activeStatus = ?) AND (studId = ?))
	bind => [1, 68D12983-4FD3-432E-8DB7-C8637D55903E]
Setting logged in user info for UPDATE
[EL Fine]: sql: 2016-03-31 13:00:49.621--ClientSession(1240279242)--Connection(216377202)--Thread(Thread[Test worker,5,main])--SELECT studId, studName, versionId, createdBy, createdDate, updatedBy, updatedDate, activeStatus, txnAccessCode FROM ast_Student_M WHERE (studId = ?)
	bind => [68D12983-4FD3-432E-8DB7-C8637D55903E]
[EL Fine]: sql: 2016-03-31 13:00:49.623--ClientSession(1240279242)--Connection(216377202)--Thread(Thread[Test worker,5,main])--UPDATE ast_Student_M SET studName = ?, updatedBy = ?, versionId = ? WHERE ((studId = ?) AND (versionId = ?))
	bind => [hEruAcx9lSCEBmx3WXwBhiYUinZ23dmw98M4n1y9yn012AV2jP, AAAAA, 2, 68D12983-4FD3-432E-8DB7-C8637D55903E, 1]
[EL Fine]: sql: 2016-03-31 13:00:49.634--ClientSession(1199878118)--Connection(216377202)--Thread(Thread[Test worker,5,main])--SELECT studId, studName, versionId, createdBy, createdDate, updatedBy, updatedDate, activeStatus, txnAccessCode FROM ast_Student_M WHERE ((activeStatus = ?) AND (studId = ?))
	bind => [1, 68D12983-4FD3-432E-8DB7-C8637D55903E]
[EL Fine]: sql: 2016-03-31 13:00:49.666--ClientSession(160242802)--Connection(216377202)--Thread(Thread[Test worker,5,main])--SELECT studId, studName, versionId, createdBy, createdDate, updatedBy, updatedDate, activeStatus, txnAccessCode FROM ast_Student_M WHERE (studId = ?)
	bind => [68D12983-4FD3-432E-8DB7-C8637D55903E]
[EL Fine]: sql: 2016-03-31 13:00:49.669--ClientSession(160242802)--Connection(216377202)--Thread(Thread[Test worker,5,main])--DELETE FROM ast_Student_M WHERE ((studId = ?) AND (versionId = ?))
	bind => [68D12983-4FD3-432E-8DB7-C8637D55903E, 2]
]]></system-out>
  <system-err><![CDATA[log4j:WARN No appenders could be found for logger (org.springframework.test.context.junit4.SpringJUnit4ClassRunner).
log4j:WARN Please initialize the log4j system properly.
log4j:WARN See http://logging.apache.org/log4j/1.2/faq.html#noconfig for more info.
com.app.shared.defaultcontext.defaultdomain.Student.studName may not be null
com.athena.framework.server.exception.biz.SpartanConstraintViolationException: Exception in validating entity /com.app.shared.defaultcontext.defaultdomain.Student.studName may not be null

	at com.athena.framework.server.helper.EntityValidatorHelper.validateEntity(EntityValidatorHelper.java:28)
	at com.app.shared.defaultcontext.defaultdomain.Student.isValid(Student.java:137)
	at com.app.server.service.defaultcontext.defaultdomain.StudentTestCase.validateStudent(StudentTestCase.java:170)
	at com.app.server.service.defaultcontext.defaultdomain.StudentTestCase.test5NegativeTesting(StudentTestCase.java:201)
	at sun.reflect.NativeMethodAccessorImpl.invoke0(Native Method)
	at sun.reflect.NativeMethodAccessorImpl.invoke(NativeMethodAccessorImpl.java:57)
	at sun.reflect.DelegatingMethodAccessorImpl.invoke(DelegatingMethodAccessorImpl.java:43)
	at java.lang.reflect.Method.invoke(Method.java:606)
	at org.junit.runners.model.FrameworkMethod$1.runReflectiveCall(FrameworkMethod.java:47)
	at org.junit.internal.runners.model.ReflectiveCallable.run(ReflectiveCallable.java:12)
	at org.junit.runners.model.FrameworkMethod.invokeExplosively(FrameworkMethod.java:44)
	at org.junit.internal.runners.statements.InvokeMethod.evaluate(InvokeMethod.java:17)
	at org.junit.internal.runners.statements.RunBefores.evaluate(RunBefores.java:26)
	at org.springframework.test.context.junit4.statements.RunBeforeTestMethodCallbacks.evaluate(RunBeforeTestMethodCallbacks.java:74)
	at org.junit.internal.runners.statements.RunAfters.evaluate(RunAfters.java:27)
	at org.springframework.test.context.junit4.statements.RunAfterTestMethodCallbacks.evaluate(RunAfterTestMethodCallbacks.java:83)
	at org.springframework.test.context.junit4.statements.SpringRepeat.evaluate(SpringRepeat.java:72)
	at org.springframework.test.context.junit4.SpringJUnit4ClassRunner.runChild(SpringJUnit4ClassRunner.java:233)
	at org.springframework.test.context.junit4.SpringJUnit4ClassRunner.runChild(SpringJUnit4ClassRunner.java:87)
	at org.junit.runners.ParentRunner$3.run(ParentRunner.java:238)
	at org.junit.runners.ParentRunner$1.schedule(ParentRunner.java:63)
	at org.junit.runners.ParentRunner.runChildren(ParentRunner.java:236)
	at org.junit.runners.ParentRunner.access$000(ParentRunner.java:53)
	at org.junit.runners.ParentRunner$2.evaluate(ParentRunner.java:229)
	at org.springframework.test.context.junit4.statements.RunBeforeTestClassCallbacks.evaluate(RunBeforeTestClassCallbacks.java:61)
	at org.springframework.test.context.junit4.statements.RunAfterTestClassCallbacks.evaluate(RunAfterTestClassCallbacks.java:71)
	at org.junit.runners.ParentRunner.run(ParentRunner.java:309)
	at org.springframework.test.context.junit4.SpringJUnit4ClassRunner.run(SpringJUnit4ClassRunner.java:176)
	at org.gradle.api.internal.tasks.testing.junit.JUnitTestClassExecuter.runTestClass(JUnitTestClassExecuter.java:86)
	at org.gradle.api.internal.tasks.testing.junit.JUnitTestClassExecuter.execute(JUnitTestClassExecuter.java:49)
	at org.gradle.api.internal.tasks.testing.junit.JUnitTestClassProcessor.processTestClass(JUnitTestClassProcessor.java:64)
	at org.gradle.api.internal.tasks.testing.SuiteTestClassProcessor.processTestClass(SuiteTestClassProcessor.java:50)
	at sun.reflect.NativeMethodAccessorImpl.invoke0(Native Method)
	at sun.reflect.NativeMethodAccessorImpl.invoke(NativeMethodAccessorImpl.java:57)
	at sun.reflect.DelegatingMethodAccessorImpl.invoke(DelegatingMethodAccessorImpl.java:43)
	at java.lang.reflect.Method.invoke(Method.java:606)
	at org.gradle.messaging.dispatch.ReflectionDispatch.dispatch(ReflectionDispatch.java:35)
	at org.gradle.messaging.dispatch.ReflectionDispatch.dispatch(ReflectionDispatch.java:24)
	at org.gradle.messaging.dispatch.ContextClassLoaderDispatch.dispatch(ContextClassLoaderDispatch.java:32)
	at org.gradle.messaging.dispatch.ProxyDispatchAdapter$DispatchingInvocationHandler.invoke(ProxyDispatchAdapter.java:93)
	at com.sun.proxy.$Proxy2.processTestClass(Unknown Source)
	at org.gradle.api.internal.tasks.testing.worker.TestWorker.processTestClass(TestWorker.java:106)
	at sun.reflect.NativeMethodAccessorImpl.invoke0(Native Method)
	at sun.reflect.NativeMethodAccessorImpl.invoke(NativeMethodAccessorImpl.java:57)
	at sun.reflect.DelegatingMethodAccessorImpl.invoke(DelegatingMethodAccessorImpl.java:43)
	at java.lang.reflect.Method.invoke(Method.java:606)
	at org.gradle.messaging.dispatch.ReflectionDispatch.dispatch(ReflectionDispatch.java:35)
	at org.gradle.messaging.dispatch.ReflectionDispatch.dispatch(ReflectionDispatch.java:24)
	at org.gradle.messaging.remote.internal.hub.MessageHub$Handler.run(MessageHub.java:360)
	at org.gradle.internal.concurrent.DefaultExecutorFactory$StoppableExecutorImpl$1.run(DefaultExecutorFactory.java:64)
	at java.util.concurrent.ThreadPoolExecutor.runWorker(ThreadPoolExecutor.java:1145)
	at java.util.concurrent.ThreadPoolExecutor$Worker.run(ThreadPoolExecutor.java:615)
	at java.lang.Thread.run(Thread.java:745)
com.app.shared.defaultcontext.defaultdomain.Student.studName size must be between 1 and 256
com.athena.framework.server.exception.biz.SpartanConstraintViolationException: Exception in validating entity /com.app.shared.defaultcontext.defaultdomain.Student.studName size must be between 1 and 256

	at com.athena.framework.server.helper.EntityValidatorHelper.validateEntity(EntityValidatorHelper.java:28)
	at com.app.shared.defaultcontext.defaultdomain.Student.isValid(Student.java:137)
	at com.app.server.service.defaultcontext.defaultdomain.StudentTestCase.validateStudent(StudentTestCase.java:168)
	at com.app.server.service.defaultcontext.defaultdomain.StudentTestCase.test5NegativeTesting(StudentTestCase.java:206)
	at sun.reflect.NativeMethodAccessorImpl.invoke0(Native Method)
	at sun.reflect.NativeMethodAccessorImpl.invoke(NativeMethodAccessorImpl.java:57)
	at sun.reflect.DelegatingMethodAccessorImpl.invoke(DelegatingMethodAccessorImpl.java:43)
	at java.lang.reflect.Method.invoke(Method.java:606)
	at org.junit.runners.model.FrameworkMethod$1.runReflectiveCall(FrameworkMethod.java:47)
	at org.junit.internal.runners.model.ReflectiveCallable.run(ReflectiveCallable.java:12)
	at org.junit.runners.model.FrameworkMethod.invokeExplosively(FrameworkMethod.java:44)
	at org.junit.internal.runners.statements.InvokeMethod.evaluate(InvokeMethod.java:17)
	at org.junit.internal.runners.statements.RunBefores.evaluate(RunBefores.java:26)
	at org.springframework.test.context.junit4.statements.RunBeforeTestMethodCallbacks.evaluate(RunBeforeTestMethodCallbacks.java:74)
	at org.junit.internal.runners.statements.RunAfters.evaluate(RunAfters.java:27)
	at org.springframework.test.context.junit4.statements.RunAfterTestMethodCallbacks.evaluate(RunAfterTestMethodCallbacks.java:83)
	at org.springframework.test.context.junit4.statements.SpringRepeat.evaluate(SpringRepeat.java:72)
	at org.springframework.test.context.junit4.SpringJUnit4ClassRunner.runChild(SpringJUnit4ClassRunner.java:233)
	at org.springframework.test.context.junit4.SpringJUnit4ClassRunner.runChild(SpringJUnit4ClassRunner.java:87)
	at org.junit.runners.ParentRunner$3.run(ParentRunner.java:238)
	at org.junit.runners.ParentRunner$1.schedule(ParentRunner.java:63)
	at org.junit.runners.ParentRunner.runChildren(ParentRunner.java:236)
	at org.junit.runners.ParentRunner.access$000(ParentRunner.java:53)
	at org.junit.runners.ParentRunner$2.evaluate(ParentRunner.java:229)
	at org.springframework.test.context.junit4.statements.RunBeforeTestClassCallbacks.evaluate(RunBeforeTestClassCallbacks.java:61)
	at org.springframework.test.context.junit4.statements.RunAfterTestClassCallbacks.evaluate(RunAfterTestClassCallbacks.java:71)
	at org.junit.runners.ParentRunner.run(ParentRunner.java:309)
	at org.springframework.test.context.junit4.SpringJUnit4ClassRunner.run(SpringJUnit4ClassRunner.java:176)
	at org.gradle.api.internal.tasks.testing.junit.JUnitTestClassExecuter.runTestClass(JUnitTestClassExecuter.java:86)
	at org.gradle.api.internal.tasks.testing.junit.JUnitTestClassExecuter.execute(JUnitTestClassExecuter.java:49)
	at org.gradle.api.internal.tasks.testing.junit.JUnitTestClassProcessor.processTestClass(JUnitTestClassProcessor.java:64)
	at org.gradle.api.internal.tasks.testing.SuiteTestClassProcessor.processTestClass(SuiteTestClassProcessor.java:50)
	at sun.reflect.NativeMethodAccessorImpl.invoke0(Native Method)
	at sun.reflect.NativeMethodAccessorImpl.invoke(NativeMethodAccessorImpl.java:57)
	at sun.reflect.DelegatingMethodAccessorImpl.invoke(DelegatingMethodAccessorImpl.java:43)
	at java.lang.reflect.Method.invoke(Method.java:606)
	at org.gradle.messaging.dispatch.ReflectionDispatch.dispatch(ReflectionDispatch.java:35)
	at org.gradle.messaging.dispatch.ReflectionDispatch.dispatch(ReflectionDispatch.java:24)
	at org.gradle.messaging.dispatch.ContextClassLoaderDispatch.dispatch(ContextClassLoaderDispatch.java:32)
	at org.gradle.messaging.dispatch.ProxyDispatchAdapter$DispatchingInvocationHandler.invoke(ProxyDispatchAdapter.java:93)
	at com.sun.proxy.$Proxy2.processTestClass(Unknown Source)
	at org.gradle.api.internal.tasks.testing.worker.TestWorker.processTestClass(TestWorker.java:106)
	at sun.reflect.NativeMethodAccessorImpl.invoke0(Native Method)
	at sun.reflect.NativeMethodAccessorImpl.invoke(NativeMethodAccessorImpl.java:57)
	at sun.reflect.DelegatingMethodAccessorImpl.invoke(DelegatingMethodAccessorImpl.java:43)
	at java.lang.reflect.Method.invoke(Method.java:606)
	at org.gradle.messaging.dispatch.ReflectionDispatch.dispatch(ReflectionDispatch.java:35)
	at org.gradle.messaging.dispatch.ReflectionDispatch.dispatch(ReflectionDispatch.java:24)
	at org.gradle.messaging.remote.internal.hub.MessageHub$Handler.run(MessageHub.java:360)
	at org.gradle.internal.concurrent.DefaultExecutorFactory$StoppableExecutorImpl$1.run(DefaultExecutorFactory.java:64)
	at java.util.concurrent.ThreadPoolExecutor.runWorker(ThreadPoolExecutor.java:1145)
	at java.util.concurrent.ThreadPoolExecutor$Worker.run(ThreadPoolExecutor.java:615)
	at java.lang.Thread.run(Thread.java:745)
]]></system-err>
</testsuite>
